{"/home/travis/build/npmtest/node-npmtest-machina/test.js":{"path":"/home/travis/build/npmtest/node-npmtest-machina/test.js","s":{"1":2,"2":2,"3":2,"4":2,"5":2,"6":2,"7":2,"8":1,"9":2,"10":2,"11":1,"12":1,"13":1,"14":1,"15":2,"16":2,"17":2,"18":2,"19":1,"20":1,"21":2,"22":2,"23":2,"24":1,"25":1,"26":1,"27":1,"28":1,"29":1,"30":1,"31":1,"32":1,"33":1,"34":1,"35":1,"36":1,"37":2,"38":2,"39":1,"40":2,"41":2,"42":1,"43":2,"44":2,"45":1,"46":2,"47":2,"48":1,"49":1,"50":1,"51":1,"52":1},"b":{"1":[2,1,1,1],"2":[1,1,1,1],"3":[1,1],"4":[1,1],"5":[1,1],"6":[1,1],"7":[1,1],"8":[1,1],"9":[1,1,1],"10":[1,1],"11":[1,1],"12":[1,1],"13":[1,1],"14":[1,1],"15":[1,1],"16":[1,1]},"f":{"1":2,"2":2,"3":2,"4":2,"5":2,"6":1,"7":1,"8":2,"9":2,"10":2,"11":2,"12":1},"fnMap":{"1":{"name":"(anonymous_1)","line":12,"loc":{"start":{"line":12,"column":1},"end":{"line":12,"column":13}}},"2":{"name":"(anonymous_2)","line":19,"loc":{"start":{"line":19,"column":5},"end":{"line":19,"column":17}}},"3":{"name":"(anonymous_3)","line":23,"loc":{"start":{"line":23,"column":24},"end":{"line":23,"column":36}}},"4":{"name":"(anonymous_4)","line":61,"loc":{"start":{"line":61,"column":5},"end":{"line":61,"column":17}}},"5":{"name":"(anonymous_5)","line":82,"loc":{"start":{"line":82,"column":5},"end":{"line":82,"column":17}}},"6":{"name":"(anonymous_6)","line":102,"loc":{"start":{"line":102,"column":83},"end":{"line":105,"column":10}},"skip":true},"7":{"name":"(anonymous_7)","line":113,"loc":{"start":{"line":113,"column":77},"end":{"line":116,"column":10}},"skip":true},"8":{"name":"(anonymous_8)","line":129,"loc":{"start":{"line":129,"column":12},"end":{"line":129,"column":40}},"skip":true},"9":{"name":"(anonymous_9)","line":137,"loc":{"start":{"line":137,"column":77},"end":{"line":140,"column":10}},"skip":true},"10":{"name":"(anonymous_10)","line":148,"loc":{"start":{"line":148,"column":83},"end":{"line":151,"column":10}},"skip":true},"11":{"name":"(anonymous_11)","line":159,"loc":{"start":{"line":159,"column":79},"end":{"line":162,"column":10}},"skip":true},"12":{"name":"(anonymous_12)","line":170,"loc":{"start":{"line":170,"column":75},"end":{"line":173,"column":10}},"skip":true}},"statementMap":{"1":{"start":{"line":12,"column":0},"end":{"line":185,"column":5}},"2":{"start":{"line":14,"column":4},"end":{"line":14,"column":14}},"3":{"start":{"line":19,"column":4},"end":{"line":56,"column":9}},"4":{"start":{"line":21,"column":8},"end":{"line":21,"column":19}},"5":{"start":{"line":23,"column":8},"end":{"line":35,"column":13}},"6":{"start":{"line":24,"column":12},"end":{"line":34,"column":13}},"7":{"start":{"line":25,"column":16},"end":{"line":28,"column":30}},"8":{"start":{"line":30,"column":16},"end":{"line":33,"column":27}},"9":{"start":{"line":37,"column":8},"end":{"line":39,"column":21}},"10":{"start":{"line":40,"column":8},"end":{"line":53,"column":9}},"11":{"start":{"line":43,"column":12},"end":{"line":46,"column":14}},"12":{"start":{"line":47,"column":12},"end":{"line":47,"column":18}},"13":{"start":{"line":50,"column":12},"end":{"line":51,"column":46}},"14":{"start":{"line":52,"column":12},"end":{"line":52,"column":18}},"15":{"start":{"line":55,"column":8},"end":{"line":55,"column":35}},"16":{"start":{"line":61,"column":4},"end":{"line":63,"column":9}},"17":{"start":{"line":62,"column":8},"end":{"line":62,"column":15}},"18":{"start":{"line":64,"column":4},"end":{"line":77,"column":5}},"19":{"start":{"line":70,"column":8},"end":{"line":70,"column":14}},"20":{"start":{"line":76,"column":8},"end":{"line":76,"column":14}},"21":{"start":{"line":82,"column":4},"end":{"line":84,"column":9}},"22":{"start":{"line":83,"column":8},"end":{"line":83,"column":15}},"23":{"start":{"line":85,"column":4},"end":{"line":184,"column":5}},"24":{"start":{"line":92,"column":8},"end":{"line":94,"column":63}},"25":{"start":{"line":95,"column":8},"end":{"line":95,"column":14}},"26":{"start":{"line":102,"column":8},"end":{"line":111,"column":10},"skip":true},"27":{"start":{"line":109,"column":12},"end":{"line":109,"column":55},"skip":true},"28":{"start":{"line":110,"column":12},"end":{"line":110,"column":48},"skip":true},"29":{"start":{"line":113,"column":8},"end":{"line":126,"column":10},"skip":true},"30":{"start":{"line":120,"column":12},"end":{"line":120,"column":76},"skip":true},"31":{"start":{"line":121,"column":12},"end":{"line":121,"column":73},"skip":true},"32":{"start":{"line":122,"column":12},"end":{"line":122,"column":74},"skip":true},"33":{"start":{"line":123,"column":12},"end":{"line":123,"column":79},"skip":true},"34":{"start":{"line":124,"column":12},"end":{"line":124,"column":25},"skip":true},"35":{"start":{"line":125,"column":12},"end":{"line":125,"column":45},"skip":true},"36":{"start":{"line":128,"column":8},"end":{"line":135,"column":14},"skip":true},"37":{"start":{"line":133,"column":16},"end":{"line":133,"column":29},"skip":true},"38":{"start":{"line":134,"column":16},"end":{"line":134,"column":55},"skip":true},"39":{"start":{"line":137,"column":8},"end":{"line":146,"column":10},"skip":true},"40":{"start":{"line":144,"column":12},"end":{"line":144,"column":25},"skip":true},"41":{"start":{"line":145,"column":12},"end":{"line":145,"column":45},"skip":true},"42":{"start":{"line":148,"column":8},"end":{"line":157,"column":10},"skip":true},"43":{"start":{"line":155,"column":12},"end":{"line":155,"column":25},"skip":true},"44":{"start":{"line":156,"column":12},"end":{"line":156,"column":48},"skip":true},"45":{"start":{"line":159,"column":8},"end":{"line":168,"column":10},"skip":true},"46":{"start":{"line":166,"column":12},"end":{"line":166,"column":25},"skip":true},"47":{"start":{"line":167,"column":12},"end":{"line":167,"column":46},"skip":true},"48":{"start":{"line":170,"column":8},"end":{"line":179,"column":10},"skip":true},"49":{"start":{"line":177,"column":12},"end":{"line":177,"column":94},"skip":true},"50":{"start":{"line":178,"column":12},"end":{"line":178,"column":48},"skip":true},"51":{"start":{"line":182,"column":8},"end":{"line":182,"column":35},"skip":true},"52":{"start":{"line":183,"column":8},"end":{"line":183,"column":14},"skip":true}},"branchMap":{"1":{"line":25,"type":"binary-expr","locations":[{"start":{"line":25,"column":23},"end":{"line":25,"column":62}},{"start":{"line":26,"column":20},"end":{"line":26,"column":70}},{"start":{"line":27,"column":20},"end":{"line":27,"column":71}},{"start":{"line":28,"column":20},"end":{"line":28,"column":29}}]},"2":{"line":30,"type":"binary-expr","locations":[{"start":{"line":30,"column":23},"end":{"line":30,"column":37}},{"start":{"line":31,"column":20},"end":{"line":31,"column":61}},{"start":{"line":32,"column":20},"end":{"line":32,"column":70}},{"start":{"line":33,"column":20},"end":{"line":33,"column":26}}]},"3":{"line":37,"type":"cond-expr","locations":[{"start":{"line":38,"column":14},"end":{"line":38,"column":20}},{"start":{"line":39,"column":14},"end":{"line":39,"column":20}}]},"4":{"line":40,"type":"switch","locations":[{"start":{"line":42,"column":8},"end":{"line":47,"column":18}},{"start":{"line":49,"column":8},"end":{"line":52,"column":18}}]},"5":{"line":44,"type":"binary-expr","locations":[{"start":{"line":44,"column":16},"end":{"line":44,"column":44}},{"start":{"line":44,"column":48},"end":{"line":44,"column":66}}]},"6":{"line":50,"type":"binary-expr","locations":[{"start":{"line":50,"column":21},"end":{"line":50,"column":49}},{"start":{"line":50,"column":53},"end":{"line":50,"column":72}}]},"7":{"line":64,"type":"switch","locations":[{"start":{"line":69,"column":4},"end":{"line":70,"column":14}},{"start":{"line":75,"column":4},"end":{"line":76,"column":14}}]},"8":{"line":85,"type":"switch","locations":[{"start":{"line":90,"column":4},"end":{"line":95,"column":14}},{"start":{"line":101,"column":4},"end":{"line":183,"column":14},"skip":true}]},"9":{"line":92,"type":"binary-expr","locations":[{"start":{"line":92,"column":18},"end":{"line":92,"column":32}},{"start":{"line":93,"column":12},"end":{"line":93,"column":53}},{"start":{"line":94,"column":12},"end":{"line":94,"column":61}}]},"10":{"line":102,"type":"binary-expr","locations":[{"start":{"line":102,"column":45},"end":{"line":102,"column":79},"skip":true},{"start":{"line":102,"column":83},"end":{"line":111,"column":9},"skip":true}]},"11":{"line":113,"type":"binary-expr","locations":[{"start":{"line":113,"column":42},"end":{"line":113,"column":73},"skip":true},{"start":{"line":113,"column":77},"end":{"line":126,"column":9},"skip":true}]},"12":{"line":128,"type":"binary-expr","locations":[{"start":{"line":128,"column":48},"end":{"line":128,"column":85},"skip":true},{"start":{"line":129,"column":12},"end":{"line":135,"column":13},"skip":true}]},"13":{"line":137,"type":"binary-expr","locations":[{"start":{"line":137,"column":42},"end":{"line":137,"column":73},"skip":true},{"start":{"line":137,"column":77},"end":{"line":146,"column":9},"skip":true}]},"14":{"line":148,"type":"binary-expr","locations":[{"start":{"line":148,"column":45},"end":{"line":148,"column":79},"skip":true},{"start":{"line":148,"column":83},"end":{"line":157,"column":9},"skip":true}]},"15":{"line":159,"type":"binary-expr","locations":[{"start":{"line":159,"column":43},"end":{"line":159,"column":75},"skip":true},{"start":{"line":159,"column":79},"end":{"line":168,"column":9},"skip":true}]},"16":{"line":170,"type":"binary-expr","locations":[{"start":{"line":170,"column":41},"end":{"line":170,"column":71},"skip":true},{"start":{"line":170,"column":75},"end":{"line":179,"column":9},"skip":true}]}},"code":["/* istanbul instrument in package npmtest_machina */","/*jslint","    bitwise: true,","    browser: true,","    maxerr: 8,","    maxlen: 96,","    node: true,","    nomen: true,","    regexp: true,","    stupid: true","*/","(function () {","    'use strict';","    var local;","","","","    // run shared js-env code - pre-init","    (function () {","        // init local","        local = {};","        // init modeJs","        local.modeJs = (function () {","            try {","                return typeof navigator.userAgent === 'string' &&","                    typeof document.querySelector('body') === 'object' &&","                    typeof XMLHttpRequest.prototype.open === 'function' &&","                    'browser';","            } catch (errorCaughtBrowser) {","                return module.exports &&","                    typeof process.versions.node === 'string' &&","                    typeof require('http').createServer === 'function' &&","                    'node';","            }","        }());","        // init global","        local.global = local.modeJs === 'browser'","            ? window","            : global;","        switch (local.modeJs) {","        // re-init local from window.local","        case 'browser':","            local = local.global.utility2.objectSetDefault(","                local.global.utility2_rollup || local.global.local,","                local.global.utility2","            );","            break;","        // re-init local from example.js","        case 'node':","            local = (local.global.utility2_rollup || require('utility2'))","                .requireExampleJsFromReadme();","            break;","        }","        // export local","        local.global.local = local;","    }());","","","","    // run shared js-env code - function","    (function () {","        return;","    }());","    switch (local.modeJs) {","","","","    // run browser js-env code - function","    case 'browser':","        break;","","","","    // run node js-env code - function","    case 'node':","        break;","    }","","","","    // run shared js-env code - post-init","    (function () {","        return;","    }());","    switch (local.modeJs) {","","","","    // run browser js-env code - post-init","    case 'browser':","        // run tests","        local.nop(local.modeTest &&","            document.querySelector('#testRunButton1') &&","            document.querySelector('#testRunButton1').click());","        break;","","","","    // run node js-env code - post-init","    /* istanbul ignore next */","    case 'node':","        local.testCase_buildApidoc_default = local.testCase_buildApidoc_default || function (","            options,","            onError","        ) {","        /*","         * this function will test buildApidoc's default handling-behavior-behavior","         */","            options = { modulePathList: module.paths };","            local.buildApidoc(options, onError);","        };","","        local.testCase_buildApp_default = local.testCase_buildApp_default || function (","            options,","            onError","        ) {","        /*","         * this function will test buildApp's default handling-behavior-behavior","         */","            local.testCase_buildReadme_default(options, local.onErrorThrow);","            local.testCase_buildLib_default(options, local.onErrorThrow);","            local.testCase_buildTest_default(options, local.onErrorThrow);","            local.testCase_buildCustomOrg_default(options, local.onErrorThrow);","            options = [];","            local.buildApp(options, onError);","        };","","        local.testCase_buildCustomOrg_default = local.testCase_buildCustomOrg_default ||","            function (options, onError) {","            /*","             * this function will test buildCustomOrg's default handling-behavior","             */","                options = {};","                local.buildCustomOrg(options, onError);","            };","","        local.testCase_buildLib_default = local.testCase_buildLib_default || function (","            options,","            onError","        ) {","        /*","         * this function will test buildLib's default handling-behavior","         */","            options = {};","            local.buildLib(options, onError);","        };","","        local.testCase_buildReadme_default = local.testCase_buildReadme_default || function (","            options,","            onError","        ) {","        /*","         * this function will test buildReadme's default handling-behavior-behavior","         */","            options = {};","            local.buildReadme(options, onError);","        };","","        local.testCase_buildTest_default = local.testCase_buildTest_default || function (","            options,","            onError","        ) {","        /*","         * this function will test buildTest's default handling-behavior","         */","            options = {};","            local.buildTest(options, onError);","        };","","        local.testCase_webpage_default = local.testCase_webpage_default || function (","            options,","            onError","        ) {","        /*","         * this function will test webpage's default handling-behavior","         */","            options = { modeCoverageMerge: true, url: local.serverLocalHost + '?modeTest=1' };","            local.browserTest(options, onError);","        };","","        // run test-server","        local.testRunServer(local);","        break;","    }","}());",""],"l":{"12":2,"14":2,"19":2,"21":2,"23":2,"24":2,"25":2,"30":1,"37":2,"40":2,"43":1,"47":1,"50":1,"52":1,"55":2,"61":2,"62":2,"64":2,"70":1,"76":1,"82":2,"83":2,"85":2,"92":1,"95":1,"102":1,"109":1,"110":1,"113":1,"120":1,"121":1,"122":1,"123":1,"124":1,"125":1,"128":1,"133":2,"134":2,"137":1,"144":2,"145":2,"148":1,"155":2,"156":2,"159":1,"166":2,"167":2,"170":1,"177":1,"178":1,"182":1,"183":1}},"/home/travis/build/npmtest/node-npmtest-machina/lib.npmtest_machina.js":{"path":"/home/travis/build/npmtest/node-npmtest-machina/lib.npmtest_machina.js","s":{"1":2,"2":2,"3":2,"4":2,"5":2,"6":2,"7":2,"8":1,"9":2,"10":2,"11":2,"12":2,"13":1,"14":1,"15":1,"16":1},"b":{"1":[2,1,1,1],"2":[1,1,1,1],"3":[1,1],"4":[2,2],"5":[1,1]},"f":{"1":2,"2":2,"3":2},"fnMap":{"1":{"name":"(anonymous_1)","line":12,"loc":{"start":{"line":12,"column":1},"end":{"line":12,"column":13}}},"2":{"name":"(anonymous_2)","line":19,"loc":{"start":{"line":19,"column":5},"end":{"line":19,"column":17}}},"3":{"name":"(anonymous_3)","line":23,"loc":{"start":{"line":23,"column":24},"end":{"line":23,"column":36}}}},"statementMap":{"1":{"start":{"line":12,"column":0},"end":{"line":53,"column":5}},"2":{"start":{"line":14,"column":4},"end":{"line":14,"column":14}},"3":{"start":{"line":19,"column":4},"end":{"line":52,"column":9}},"4":{"start":{"line":21,"column":8},"end":{"line":21,"column":19}},"5":{"start":{"line":23,"column":8},"end":{"line":35,"column":13}},"6":{"start":{"line":24,"column":12},"end":{"line":34,"column":13}},"7":{"start":{"line":25,"column":16},"end":{"line":28,"column":30}},"8":{"start":{"line":30,"column":16},"end":{"line":33,"column":27}},"9":{"start":{"line":37,"column":8},"end":{"line":39,"column":21}},"10":{"start":{"line":41,"column":8},"end":{"line":41,"column":54}},"11":{"start":{"line":43,"column":8},"end":{"line":43,"column":52}},"12":{"start":{"line":45,"column":8},"end":{"line":51,"column":9}},"13":{"start":{"line":46,"column":12},"end":{"line":46,"column":58}},"14":{"start":{"line":48,"column":12},"end":{"line":48,"column":35}},"15":{"start":{"line":49,"column":12},"end":{"line":49,"column":49}},"16":{"start":{"line":50,"column":12},"end":{"line":50,"column":43}}},"branchMap":{"1":{"line":25,"type":"binary-expr","locations":[{"start":{"line":25,"column":23},"end":{"line":25,"column":62}},{"start":{"line":26,"column":20},"end":{"line":26,"column":70}},{"start":{"line":27,"column":20},"end":{"line":27,"column":71}},{"start":{"line":28,"column":20},"end":{"line":28,"column":29}}]},"2":{"line":30,"type":"binary-expr","locations":[{"start":{"line":30,"column":23},"end":{"line":30,"column":37}},{"start":{"line":31,"column":20},"end":{"line":31,"column":61}},{"start":{"line":32,"column":20},"end":{"line":32,"column":70}},{"start":{"line":33,"column":20},"end":{"line":33,"column":26}}]},"3":{"line":37,"type":"cond-expr","locations":[{"start":{"line":38,"column":14},"end":{"line":38,"column":20}},{"start":{"line":39,"column":14},"end":{"line":39,"column":20}}]},"4":{"line":41,"type":"binary-expr","locations":[{"start":{"line":41,"column":16},"end":{"line":41,"column":44}},{"start":{"line":41,"column":48},"end":{"line":41,"column":53}}]},"5":{"line":45,"type":"if","locations":[{"start":{"line":45,"column":8},"end":{"line":45,"column":8}},{"start":{"line":45,"column":8},"end":{"line":45,"column":8}}]}},"code":["/* istanbul instrument in package npmtest_machina */","/*jslint","    bitwise: true,","    browser: true,","    maxerr: 8,","    maxlen: 96,","    node: true,","    nomen: true,","    regexp: true,","    stupid: true","*/","(function () {","    'use strict';","    var local;","","","","    // run shared js-env code - pre-init","    (function () {","        // init local","        local = {};","        // init modeJs","        local.modeJs = (function () {","            try {","                return typeof navigator.userAgent === 'string' &&","                    typeof document.querySelector('body') === 'object' &&","                    typeof XMLHttpRequest.prototype.open === 'function' &&","                    'browser';","            } catch (errorCaughtBrowser) {","                return module.exports &&","                    typeof process.versions.node === 'string' &&","                    typeof require('http').createServer === 'function' &&","                    'node';","            }","        }());","        // init global","        local.global = local.modeJs === 'browser'","            ? window","            : global;","        // init utility2_rollup","        local = local.global.utility2_rollup || local;","        // init lib","        local.local = local.npmtest_machina = local;","        // init exports","        if (local.modeJs === 'browser') {","            local.global.utility2_npmtest_machina = local;","        } else {","            module.exports = local;","            module.exports.__dirname = __dirname;","            module.exports.module = module;","        }","    }());","}());",""],"l":{"12":2,"14":2,"19":2,"21":2,"23":2,"24":2,"25":2,"30":1,"37":2,"41":2,"43":2,"45":2,"46":1,"48":1,"49":1,"50":1}},"/home/travis/build/npmtest/node-npmtest-machina/example.js":{"path":"/home/travis/build/npmtest/node-npmtest-machina/example.js","s":{"1":2,"2":2,"3":2,"4":2,"5":2,"6":2,"7":2,"8":1,"9":2,"10":2,"11":2,"12":2,"13":1,"14":2,"15":2,"16":2,"17":2,"18":2,"19":0,"20":2,"21":1,"22":1,"23":1,"24":1,"25":1,"26":0,"27":0,"28":1,"29":1,"30":2,"31":0,"32":0,"33":0,"34":1,"35":2,"36":2,"37":2,"38":2,"39":2,"40":2,"41":0,"42":2,"43":2,"44":2,"45":1,"46":3,"47":1,"48":1,"49":1,"50":1,"51":1,"52":1,"53":1,"54":1,"55":1,"56":1,"57":0,"58":1,"59":6,"60":6,"61":1,"62":2,"63":0,"64":2,"65":1,"66":1,"67":0,"68":0,"69":0,"70":0,"71":0,"72":0,"73":0,"74":0,"75":0,"76":0,"77":0,"78":0,"79":0,"80":0,"81":0,"82":0,"83":0},"b":{"1":[2,1,1,1],"2":[1,1,1,1],"3":[1,1],"4":[2,2],"5":[1,1],"6":[1,1],"7":[2,0],"8":[2,1,1,1,1,1],"9":[0,2,0],"10":[1,1],"11":[2,1,1],"12":[1,0],"13":[0,2],"14":[2,0,0,0,0,0,0],"15":[0,2],"16":[2,0],"17":[1,1],"18":[0,1],"19":[1,2,0,2],"20":[1,0],"21":[1,1],"22":[0,0],"23":[0,0],"24":[0,0],"25":[0,0],"26":[0,0],"27":[0,0],"28":[0,0]},"f":{"1":2,"2":2,"3":2,"4":2,"5":2,"6":2,"7":2,"8":2,"9":3,"10":1,"11":6,"12":0},"fnMap":{"1":{"name":"(anonymous_1)","line":26,"loc":{"start":{"line":26,"column":1},"end":{"line":26,"column":13}}},"2":{"name":"(anonymous_2)","line":33,"loc":{"start":{"line":33,"column":5},"end":{"line":33,"column":17}}},"3":{"name":"(anonymous_3)","line":37,"loc":{"start":{"line":37,"column":24},"end":{"line":37,"column":36}}},"4":{"name":"(anonymous_4)","line":69,"loc":{"start":{"line":69,"column":31},"end":{"line":69,"column":48}},"skip":true},"5":{"name":"(anonymous_5)","line":78,"loc":{"start":{"line":78,"column":26},"end":{"line":78,"column":45}},"skip":true},"6":{"name":"(anonymous_6)","line":123,"loc":{"start":{"line":123,"column":33},"end":{"line":123,"column":48}},"skip":true},"7":{"name":"(anonymous_7)","line":125,"loc":{"start":{"line":125,"column":27},"end":{"line":125,"column":39}},"skip":true},"8":{"name":"(anonymous_8)","line":133,"loc":{"start":{"line":133,"column":59},"end":{"line":133,"column":74}},"skip":true},"9":{"name":"(anonymous_9)","line":143,"loc":{"start":{"line":143,"column":45},"end":{"line":143,"column":62}},"skip":true},"10":{"name":"(anonymous_10)","line":144,"loc":{"start":{"line":144,"column":73},"end":{"line":144,"column":92}},"skip":true},"11":{"name":"(anonymous_11)","line":272,"loc":{"start":{"line":272,"column":51},"end":{"line":272,"column":77}},"skip":true},"12":{"name":"(anonymous_12)","line":314,"loc":{"start":{"line":314,"column":32},"end":{"line":314,"column":61}},"skip":true}},"statementMap":{"1":{"start":{"line":26,"column":0},"end":{"line":325,"column":5}},"2":{"start":{"line":28,"column":4},"end":{"line":28,"column":14}},"3":{"start":{"line":33,"column":4},"end":{"line":60,"column":9}},"4":{"start":{"line":35,"column":8},"end":{"line":35,"column":19}},"5":{"start":{"line":37,"column":8},"end":{"line":49,"column":13}},"6":{"start":{"line":38,"column":12},"end":{"line":48,"column":13}},"7":{"start":{"line":39,"column":16},"end":{"line":42,"column":30}},"8":{"start":{"line":44,"column":16},"end":{"line":47,"column":27}},"9":{"start":{"line":51,"column":8},"end":{"line":53,"column":21}},"10":{"start":{"line":55,"column":8},"end":{"line":57,"column":45}},"11":{"start":{"line":59,"column":8},"end":{"line":59,"column":35}},"12":{"start":{"line":61,"column":4},"end":{"line":324,"column":5}},"13":{"start":{"line":69,"column":8},"end":{"line":121,"column":10},"skip":true},"14":{"start":{"line":70,"column":12},"end":{"line":88,"column":13},"skip":true},"15":{"start":{"line":76,"column":16},"end":{"line":87,"column":19},"skip":true},"16":{"start":{"line":79,"column":20},"end":{"line":86,"column":21},"skip":true},"17":{"start":{"line":82,"column":24},"end":{"line":82,"column":43},"skip":true},"18":{"start":{"line":83,"column":24},"end":{"line":83,"column":30},"skip":true},"19":{"start":{"line":85,"column":24},"end":{"line":85,"column":49},"skip":true},"20":{"start":{"line":89,"column":12},"end":{"line":107,"column":13},"skip":true},"21":{"start":{"line":92,"column":16},"end":{"line":102,"column":17},"skip":true},"22":{"start":{"line":93,"column":20},"end":{"line":93,"column":86},"skip":true},"23":{"start":{"line":94,"column":20},"end":{"line":95,"column":45},"skip":true},"24":{"start":{"line":96,"column":20},"end":{"line":96,"column":42},"skip":true},"25":{"start":{"line":97,"column":20},"end":{"line":97,"column":48},"skip":true},"26":{"start":{"line":100,"column":20},"end":{"line":100,"column":85},"skip":true},"27":{"start":{"line":101,"column":20},"end":{"line":101,"column":96},"skip":true},"28":{"start":{"line":103,"column":16},"end":{"line":103,"column":22},"skip":true},"29":{"start":{"line":106,"column":16},"end":{"line":106,"column":22},"skip":true},"30":{"start":{"line":108,"column":12},"end":{"line":120,"column":13},"skip":true},"31":{"start":{"line":114,"column":16},"end":{"line":119,"column":17},"skip":true},"32":{"start":{"line":116,"column":20},"end":{"line":116,"column":78},"skip":true},"33":{"start":{"line":118,"column":20},"end":{"line":118,"column":47},"skip":true},"34":{"start":{"line":123,"column":8},"end":{"line":141,"column":11},"skip":true},"35":{"start":{"line":124,"column":12},"end":{"line":124,"column":54},"skip":true},"36":{"start":{"line":125,"column":12},"end":{"line":140,"column":14},"skip":true},"37":{"start":{"line":126,"column":16},"end":{"line":126,"column":28},"skip":true},"38":{"start":{"line":127,"column":16},"end":{"line":127,"column":69},"skip":true},"39":{"start":{"line":128,"column":16},"end":{"line":128,"column":75},"skip":true},"40":{"start":{"line":129,"column":16},"end":{"line":131,"column":17},"skip":true},"41":{"start":{"line":130,"column":20},"end":{"line":130,"column":27},"skip":true},"42":{"start":{"line":133,"column":16},"end":{"line":137,"column":36},"skip":true},"43":{"start":{"line":134,"column":20},"end":{"line":136,"column":55},"skip":true},"44":{"start":{"line":139,"column":16},"end":{"line":139,"column":57},"skip":true},"45":{"start":{"line":143,"column":8},"end":{"line":147,"column":11},"skip":true},"46":{"start":{"line":144,"column":12},"end":{"line":146,"column":15},"skip":true},"47":{"start":{"line":145,"column":16},"end":{"line":145,"column":70},"skip":true},"48":{"start":{"line":149,"column":8},"end":{"line":149,"column":31},"skip":true},"49":{"start":{"line":150,"column":8},"end":{"line":150,"column":14},"skip":true},"50":{"start":{"line":158,"column":8},"end":{"line":158,"column":31},"skip":true},"51":{"start":{"line":160,"column":8},"end":{"line":160,"column":33},"skip":true},"52":{"start":{"line":161,"column":8},"end":{"line":161,"column":37},"skip":true},"53":{"start":{"line":162,"column":8},"end":{"line":162,"column":35},"skip":true},"54":{"start":{"line":164,"column":8},"end":{"line":164,"column":50},"skip":true},"55":{"start":{"line":166,"column":8},"end":{"line":256,"column":2},"skip":true},"56":{"start":{"line":258,"column":8},"end":{"line":286,"column":9},"skip":true},"57":{"start":{"line":259,"column":12},"end":{"line":269,"column":14},"skip":true},"58":{"start":{"line":271,"column":12},"end":{"line":285,"column":19},"skip":true},"59":{"start":{"line":274,"column":20},"end":{"line":274,"column":35},"skip":true},"60":{"start":{"line":275,"column":20},"end":{"line":284,"column":21},"skip":true},"61":{"start":{"line":277,"column":24},"end":{"line":277,"column":64},"skip":true},"62":{"start":{"line":279,"column":24},"end":{"line":279,"column":40},"skip":true},"63":{"start":{"line":281,"column":24},"end":{"line":281,"column":40},"skip":true},"64":{"start":{"line":283,"column":24},"end":{"line":283,"column":39},"skip":true},"65":{"start":{"line":288,"column":8},"end":{"line":290,"column":9},"skip":true},"66":{"start":{"line":289,"column":12},"end":{"line":289,"column":18},"skip":true},"67":{"start":{"line":291,"column":8},"end":{"line":293,"column":54},"skip":true},"68":{"start":{"line":294,"column":8},"end":{"line":301,"column":37},"skip":true},"69":{"start":{"line":302,"column":8},"end":{"line":302,"column":82},"skip":true},"70":{"start":{"line":305,"column":8},"end":{"line":307,"column":9},"skip":true},"71":{"start":{"line":306,"column":12},"end":{"line":306,"column":82},"skip":true},"72":{"start":{"line":309,"column":8},"end":{"line":311,"column":9},"skip":true},"73":{"start":{"line":310,"column":12},"end":{"line":310,"column":18},"skip":true},"74":{"start":{"line":312,"column":8},"end":{"line":312,"column":54},"skip":true},"75":{"start":{"line":313,"column":8},"end":{"line":313,"column":69},"skip":true},"76":{"start":{"line":314,"column":8},"end":{"line":322,"column":36},"skip":true},"77":{"start":{"line":315,"column":12},"end":{"line":315,"column":61},"skip":true},"78":{"start":{"line":316,"column":12},"end":{"line":319,"column":13},"skip":true},"79":{"start":{"line":317,"column":16},"end":{"line":317,"column":75},"skip":true},"80":{"start":{"line":318,"column":16},"end":{"line":318,"column":23},"skip":true},"81":{"start":{"line":320,"column":12},"end":{"line":320,"column":38},"skip":true},"82":{"start":{"line":321,"column":12},"end":{"line":321,"column":27},"skip":true},"83":{"start":{"line":323,"column":8},"end":{"line":323,"column":14},"skip":true}},"branchMap":{"1":{"line":39,"type":"binary-expr","locations":[{"start":{"line":39,"column":23},"end":{"line":39,"column":62}},{"start":{"line":40,"column":20},"end":{"line":40,"column":70}},{"start":{"line":41,"column":20},"end":{"line":41,"column":71}},{"start":{"line":42,"column":20},"end":{"line":42,"column":29}}]},"2":{"line":44,"type":"binary-expr","locations":[{"start":{"line":44,"column":23},"end":{"line":44,"column":37}},{"start":{"line":45,"column":20},"end":{"line":45,"column":61}},{"start":{"line":46,"column":20},"end":{"line":46,"column":70}},{"start":{"line":47,"column":20},"end":{"line":47,"column":26}}]},"3":{"line":51,"type":"cond-expr","locations":[{"start":{"line":52,"column":14},"end":{"line":52,"column":20}},{"start":{"line":53,"column":14},"end":{"line":53,"column":20}}]},"4":{"line":55,"type":"binary-expr","locations":[{"start":{"line":55,"column":16},"end":{"line":55,"column":44}},{"start":{"line":55,"column":49},"end":{"line":57,"column":43}}]},"5":{"line":55,"type":"cond-expr","locations":[{"start":{"line":56,"column":14},"end":{"line":56,"column":51}},{"start":{"line":57,"column":14},"end":{"line":57,"column":43}}]},"6":{"line":61,"type":"switch","locations":[{"start":{"line":68,"column":4},"end":{"line":150,"column":14},"skip":true},{"start":{"line":156,"column":4},"end":{"line":323,"column":14},"skip":true}]},"7":{"line":70,"type":"if","locations":[{"start":{"line":70,"column":12},"end":{"line":70,"column":12},"skip":true},{"start":{"line":70,"column":12},"end":{"line":70,"column":12},"skip":true}]},"8":{"line":70,"type":"binary-expr","locations":[{"start":{"line":70,"column":16},"end":{"line":70,"column":22},"skip":true},{"start":{"line":70,"column":27},"end":{"line":70,"column":32},"skip":true},{"start":{"line":71,"column":20},"end":{"line":71,"column":39},"skip":true},{"start":{"line":72,"column":20},"end":{"line":72,"column":49},"skip":true},{"start":{"line":73,"column":20},"end":{"line":73,"column":58},"skip":true},{"start":{"line":74,"column":20},"end":{"line":74,"column":69},"skip":true}]},"9":{"line":79,"type":"switch","locations":[{"start":{"line":80,"column":20},"end":{"line":80,"column":33},"skip":true},{"start":{"line":81,"column":20},"end":{"line":83,"column":30},"skip":true},{"start":{"line":84,"column":20},"end":{"line":85,"column":49},"skip":true}]},"10":{"line":89,"type":"switch","locations":[{"start":{"line":90,"column":12},"end":{"line":103,"column":22},"skip":true},{"start":{"line":105,"column":12},"end":{"line":106,"column":22},"skip":true}]},"11":{"line":89,"type":"binary-expr","locations":[{"start":{"line":89,"column":20},"end":{"line":89,"column":25},"skip":true},{"start":{"line":89,"column":29},"end":{"line":89,"column":48},"skip":true},{"start":{"line":89,"column":52},"end":{"line":89,"column":74},"skip":true}]},"12":{"line":92,"type":"if","locations":[{"start":{"line":92,"column":16},"end":{"line":92,"column":16},"skip":true},{"start":{"line":92,"column":16},"end":{"line":92,"column":16},"skip":true}]},"13":{"line":108,"type":"if","locations":[{"start":{"line":108,"column":12},"end":{"line":108,"column":12},"skip":true},{"start":{"line":108,"column":12},"end":{"line":108,"column":12},"skip":true}]},"14":{"line":108,"type":"binary-expr","locations":[{"start":{"line":108,"column":16},"end":{"line":108,"column":61},"skip":true},{"start":{"line":108,"column":66},"end":{"line":108,"column":72},"skip":true},{"start":{"line":108,"column":77},"end":{"line":108,"column":82},"skip":true},{"start":{"line":109,"column":20},"end":{"line":109,"column":39},"skip":true},{"start":{"line":110,"column":20},"end":{"line":110,"column":49},"skip":true},{"start":{"line":111,"column":20},"end":{"line":111,"column":58},"skip":true},{"start":{"line":112,"column":20},"end":{"line":112,"column":68},"skip":true}]},"15":{"line":129,"type":"if","locations":[{"start":{"line":129,"column":16},"end":{"line":129,"column":16},"skip":true},{"start":{"line":129,"column":16},"end":{"line":129,"column":16},"skip":true}]},"16":{"line":134,"type":"cond-expr","locations":[{"start":{"line":135,"column":26},"end":{"line":135,"column":29},"skip":true},{"start":{"line":136,"column":26},"end":{"line":136,"column":54},"skip":true}]},"17":{"line":164,"type":"binary-expr","locations":[{"start":{"line":164,"column":27},"end":{"line":164,"column":43},"skip":true},{"start":{"line":164,"column":47},"end":{"line":164,"column":49},"skip":true}]},"18":{"line":258,"type":"if","locations":[{"start":{"line":258,"column":8},"end":{"line":258,"column":8},"skip":true},{"start":{"line":258,"column":8},"end":{"line":258,"column":8},"skip":true}]},"19":{"line":275,"type":"switch","locations":[{"start":{"line":276,"column":20},"end":{"line":277,"column":64},"skip":true},{"start":{"line":278,"column":20},"end":{"line":279,"column":40},"skip":true},{"start":{"line":280,"column":20},"end":{"line":281,"column":40},"skip":true},{"start":{"line":282,"column":20},"end":{"line":283,"column":39},"skip":true}]},"20":{"line":288,"type":"if","locations":[{"start":{"line":288,"column":8},"end":{"line":288,"column":8},"skip":true},{"start":{"line":288,"column":8},"end":{"line":288,"column":8},"skip":true}]},"21":{"line":288,"type":"binary-expr","locations":[{"start":{"line":288,"column":12},"end":{"line":288,"column":40},"skip":true},{"start":{"line":288,"column":44},"end":{"line":288,"column":67},"skip":true}]},"22":{"line":292,"type":"binary-expr","locations":[{"start":{"line":292,"column":12},"end":{"line":292,"column":50},"skip":true},{"start":{"line":293,"column":12},"end":{"line":293,"column":53},"skip":true}]},"23":{"line":295,"type":"binary-expr","locations":[{"start":{"line":295,"column":12},"end":{"line":295,"column":65},"skip":true},{"start":{"line":296,"column":12},"end":{"line":301,"column":36},"skip":true}]},"24":{"line":302,"type":"binary-expr","locations":[{"start":{"line":302,"column":43},"end":{"line":302,"column":75},"skip":true},{"start":{"line":302,"column":79},"end":{"line":302,"column":81},"skip":true}]},"25":{"line":305,"type":"if","locations":[{"start":{"line":305,"column":8},"end":{"line":305,"column":8},"skip":true},{"start":{"line":305,"column":8},"end":{"line":305,"column":8},"skip":true}]},"26":{"line":309,"type":"if","locations":[{"start":{"line":309,"column":8},"end":{"line":309,"column":8},"skip":true},{"start":{"line":309,"column":8},"end":{"line":309,"column":8},"skip":true}]},"27":{"line":312,"type":"binary-expr","locations":[{"start":{"line":312,"column":27},"end":{"line":312,"column":43},"skip":true},{"start":{"line":312,"column":47},"end":{"line":312,"column":53},"skip":true}]},"28":{"line":316,"type":"if","locations":[{"start":{"line":316,"column":12},"end":{"line":316,"column":12},"skip":true},{"start":{"line":316,"column":12},"end":{"line":316,"column":12},"skip":true}]}},"code":["/*","example.js","","quickstart example","","instruction","    1. save this script as example.js","    2. run the shell command:","        $ npm install npmtest-machina && PORT=8081 node example.js","    3. play with the browser-demo on http://127.0.0.1:8081","*/","","","","/* istanbul instrument in package npmtest_machina */","/*jslint","    bitwise: true,","    browser: true,","    maxerr: 8,","    maxlen: 96,","    node: true,","    nomen: true,","    regexp: true,","    stupid: true","*/","(function () {","    'use strict';","    var local;","","","","    // run shared js-env code - pre-init","    (function () {","        // init local","        local = {};","        // init modeJs","        local.modeJs = (function () {","            try {","                return typeof navigator.userAgent === 'string' &&","                    typeof document.querySelector('body') === 'object' &&","                    typeof XMLHttpRequest.prototype.open === 'function' &&","                    'browser';","            } catch (errorCaughtBrowser) {","                return module.exports &&","                    typeof process.versions.node === 'string' &&","                    typeof require('http').createServer === 'function' &&","                    'node';","            }","        }());","        // init global","        local.global = local.modeJs === 'browser'","            ? window","            : global;","        // init utility2_rollup","        local = local.global.utility2_rollup || (local.modeJs === 'browser'","            ? local.global.utility2_npmtest_machina","            : global.utility2_moduleExports);","        // export local","        local.global.local = local;","    }());","    switch (local.modeJs) {","","","","    // post-init","    // run browser js-env code - post-init","    /* istanbul ignore next */","    case 'browser':","        local.testRunBrowser = function (event) {","            if (!event || (event &&","                    event.currentTarget &&","                    event.currentTarget.className &&","                    event.currentTarget.className.includes &&","                    event.currentTarget.className.includes('onreset'))) {","                // reset output","                Array.from(","                    document.querySelectorAll('body > .resettable')","                ).forEach(function (element) {","                    switch (element.tagName) {","                    case 'INPUT':","                    case 'TEXTAREA':","                        element.value = '';","                        break;","                    default:","                        element.textContent = '';","                    }","                });","            }","            switch (event && event.currentTarget && event.currentTarget.id) {","            case 'testRunButton1':","                // show tests","                if (document.querySelector('#testReportDiv1').style.display === 'none') {","                    document.querySelector('#testReportDiv1').style.display = 'block';","                    document.querySelector('#testRunButton1').textContent =","                        'hide internal test';","                    local.modeTest = true;","                    local.testRunDefault(local);","                // hide tests","                } else {","                    document.querySelector('#testReportDiv1').style.display = 'none';","                    document.querySelector('#testRunButton1').textContent = 'run internal test';","                }","                break;","            // custom-case","            default:","                break;","            }","            if (document.querySelector('#inputTextareaEval1') && (!event || (event &&","                    event.currentTarget &&","                    event.currentTarget.className &&","                    event.currentTarget.className.includes &&","                    event.currentTarget.className.includes('oneval')))) {","                // try to eval input-code","                try {","                    /*jslint evil: true*/","                    eval(document.querySelector('#inputTextareaEval1').value);","                } catch (errorCaught) {","                    console.error(errorCaught);","                }","            }","        };","        // log stderr and stdout to #outputTextareaStdout1","        ['error', 'log'].forEach(function (key) {","            console[key + '_original'] = console[key];","            console[key] = function () {","                var element;","                console[key + '_original'].apply(console, arguments);","                element = document.querySelector('#outputTextareaStdout1');","                if (!element) {","                    return;","                }","                // append text to #outputTextareaStdout1","                element.value += Array.from(arguments).map(function (arg) {","                    return typeof arg === 'string'","                        ? arg","                        : JSON.stringify(arg, null, 4);","                }).join(' ') + '\\n';","                // scroll textarea to bottom","                element.scrollTop = element.scrollHeight;","            };","        });","        // init event-handling","        ['change', 'click', 'keyup'].forEach(function (event) {","            Array.from(document.querySelectorAll('.on' + event)).forEach(function (element) {","                element.addEventListener(event, local.testRunBrowser);","            });","        });","        // run tests","        local.testRunBrowser();","        break;","","","","    // run node js-env code - post-init","    /* istanbul ignore next */","    case 'node':","        // export local","        module.exports = local;","        // require modules","        local.fs = require('fs');","        local.http = require('http');","        local.url = require('url');","        // init assets","        local.assetsDict = local.assetsDict || {};","        /* jslint-ignore-begin */","        local.assetsDict['/assets.index.template.html'] = '\\","<!doctype html>\\n\\","<html lang=\"en\">\\n\\","<head>\\n\\","<meta charset=\"UTF-8\">\\n\\","<meta name=\"viewport\" content=\"width=device-width, initial-scale=1\">\\n\\","<title>{{env.npm_package_name}} (v{{env.npm_package_version}})</title>\\n\\","<style>\\n\\","/*csslint\\n\\","    box-sizing: false,\\n\\","    universal-selector: false\\n\\","*/\\n\\","* {\\n\\","    box-sizing: border-box;\\n\\","}\\n\\","body {\\n\\","    background: #dde;\\n\\","    font-family: Arial, Helvetica, sans-serif;\\n\\","    margin: 2rem;\\n\\","}\\n\\","body > * {\\n\\","    margin-bottom: 1rem;\\n\\","}\\n\\",".utility2FooterDiv {\\n\\","    margin-top: 20px;\\n\\","    text-align: center;\\n\\","}\\n\\","</style>\\n\\","<style>\\n\\","/*csslint\\n\\","*/\\n\\","textarea {\\n\\","    font-family: monospace;\\n\\","    height: 10rem;\\n\\","    width: 100%;\\n\\","}\\n\\","textarea[readonly] {\\n\\","    background: #ddd;\\n\\","}\\n\\","</style>\\n\\","</head>\\n\\","<body>\\n\\","<!-- utility2-comment\\n\\","<div id=\"ajaxProgressDiv1\" style=\"background: #d00; height: 2px; left: 0; margin: 0; padding: 0; position: fixed; top: 0; transition: background 0.5s, width 1.5s; width: 25%;\"></div>\\n\\","utility2-comment -->\\n\\","<h1>\\n\\","<!-- utility2-comment\\n\\","    <a\\n\\","        {{#if env.npm_package_homepage}}\\n\\","        href=\"{{env.npm_package_homepage}}\"\\n\\","        {{/if env.npm_package_homepage}}\\n\\","        target=\"_blank\"\\n\\","    >\\n\\","utility2-comment -->\\n\\","        {{env.npm_package_name}} (v{{env.npm_package_version}})\\n\\","<!-- utility2-comment\\n\\","    </a>\\n\\","utility2-comment -->\\n\\","</h1>\\n\\","<h3>{{env.npm_package_description}}</h3>\\n\\","<!-- utility2-comment\\n\\","<h4><a download href=\"assets.app.js\">download standalone app</a></h4>\\n\\","<button class=\"onclick onreset\" id=\"testRunButton1\">run internal test</button><br>\\n\\","<div id=\"testReportDiv1\" style=\"display: none;\"></div>\\n\\","utility2-comment -->\\n\\","\\n\\","\\n\\","\\n\\","<label>stderr and stdout</label>\\n\\","<textarea class=\"resettable\" id=\"outputTextareaStdout1\" readonly></textarea>\\n\\","<!-- utility2-comment\\n\\","{{#if isRollup}}\\n\\","<script src=\"assets.app.js\"></script>\\n\\","{{#unless isRollup}}\\n\\","utility2-comment -->\\n\\","<script src=\"assets.utility2.rollup.js\"></script>\\n\\","<script src=\"jsonp.utility2._stateInit?callback=window.utility2._stateInit\"></script>\\n\\","<script src=\"assets.npmtest_machina.rollup.js\"></script>\\n\\","<script src=\"assets.example.js\"></script>\\n\\","<script src=\"assets.test.js\"></script>\\n\\","<!-- utility2-comment\\n\\","{{/if isRollup}}\\n\\","utility2-comment -->\\n\\","<div class=\"utility2FooterDiv\">\\n\\","    [ this app was created with\\n\\","    <a href=\"https://github.com/kaizhu256/node-utility2\" target=\"_blank\">utility2</a>\\n\\","    ]\\n\\","</div>\\n\\","</body>\\n\\","</html>\\n\\","';","        /* jslint-ignore-end */","        if (local.templateRender) {","            local.assetsDict['/'] = local.templateRender(","                local.assetsDict['/assets.index.template.html'],","                {","                    env: local.objectSetDefault(local.env, {","                        npm_package_description: 'the greatest app in the world!',","                        npm_package_name: 'my-app',","                        npm_package_nameAlias: 'my_app',","                        npm_package_version: '0.0.1'","                    })","                }","            );","        } else {","            local.assetsDict['/'] = local.assetsDict['/assets.index.template.html']","                .replace((/\\{\\{env\\.(\\w+?)\\}\\}/g), function (match0, match1) {","                    // jslint-hack","                    String(match0);","                    switch (match1) {","                    case 'npm_package_description':","                        return 'the greatest app in the world!';","                    case 'npm_package_name':","                        return 'my-app';","                    case 'npm_package_nameAlias':","                        return 'my_app';","                    case 'npm_package_version':","                        return '0.0.1';","                    }","                });","        }","        // run the cli","        if (local.global.utility2_rollup || module !== require.main) {","            break;","        }","        local.assetsDict['/assets.example.js'] =","            local.assetsDict['/assets.example.js'] ||","            local.fs.readFileSync(__filename, 'utf8');","        local.assetsDict['/assets.npmtest_machina.rollup.js'] =","            local.assetsDict['/assets.npmtest_machina.rollup.js'] ||","            local.fs.readFileSync(","                // buildCustomOrg-hack","                local.npmtest_machina.__dirname +","                    '/lib.npmtest_machina.js',","                'utf8'","            ).replace((/^#!/), '//');","        local.assetsDict['/favicon.ico'] = local.assetsDict['/favicon.ico'] || '';","        // if $npm_config_timeout_exit exists,","        // then exit this process after $npm_config_timeout_exit ms","        if (Number(process.env.npm_config_timeout_exit)) {","            setTimeout(process.exit, Number(process.env.npm_config_timeout_exit));","        }","        // start server","        if (local.global.utility2_serverHttp1) {","            break;","        }","        process.env.PORT = process.env.PORT || '8081';","        console.error('server starting on port ' + process.env.PORT);","        local.http.createServer(function (request, response) {","            request.urlParsed = local.url.parse(request.url);","            if (local.assetsDict[request.urlParsed.pathname] !== undefined) {","                response.end(local.assetsDict[request.urlParsed.pathname]);","                return;","            }","            response.statusCode = 404;","            response.end();","        }).listen(process.env.PORT);","        break;","    }","}());",""],"l":{"26":2,"28":2,"33":2,"35":2,"37":2,"38":2,"39":2,"44":1,"51":2,"55":2,"59":2,"61":2,"69":1,"70":2,"76":2,"79":2,"82":2,"83":2,"85":1,"89":2,"92":1,"93":1,"94":1,"96":1,"97":1,"100":1,"101":1,"103":1,"106":1,"108":2,"114":1,"116":1,"118":1,"123":1,"124":2,"125":2,"126":2,"127":2,"128":2,"129":2,"130":1,"133":2,"134":2,"139":2,"143":1,"144":3,"145":1,"149":1,"150":1,"158":1,"160":1,"161":1,"162":1,"164":1,"166":1,"258":1,"259":1,"271":1,"274":6,"275":6,"277":1,"279":2,"281":1,"283":2,"288":1,"289":1,"291":1,"294":1,"302":1,"305":1,"306":1,"309":1,"310":1,"312":1,"313":1,"314":1,"315":1,"316":1,"317":1,"318":1,"320":1,"321":1,"323":1}},"/home/travis/build/npmtest/node-npmtest-machina/node_modules/machina/lib/machina.js":{"path":"/home/travis/build/npmtest/node-npmtest-machina/node_modules/machina/lib/machina.js","s":{"1":1,"2":1,"3":1,"4":0,"5":0,"6":0,"7":0,"8":0,"9":1,"10":1,"11":1,"12":17,"13":10,"14":7,"15":7,"16":7,"17":7,"18":1,"19":1,"20":1,"21":1,"22":1,"23":1,"24":1,"25":1,"26":1,"27":1,"28":1,"29":2,"30":0,"31":0,"32":0,"33":0,"34":0,"35":0,"36":0,"37":0,"38":0,"39":0,"40":0,"41":0,"42":0,"43":0,"44":0,"45":0,"46":0,"47":0,"48":0,"49":0,"50":0,"51":0,"52":0,"53":0,"54":0,"55":0,"56":0,"57":0,"58":0,"59":0,"60":1,"61":1,"62":1,"63":1,"64":1,"65":1,"66":1,"67":0,"68":1,"69":0,"70":1,"71":0,"72":1,"73":0,"74":0,"75":0,"76":0,"77":1,"78":0,"79":0,"80":0,"81":0,"82":0,"83":0,"84":0,"85":0,"86":0,"87":0,"88":0,"89":0,"90":0,"91":1,"92":0,"93":0,"94":0,"95":0,"96":0,"97":0,"98":0,"99":0,"100":0,"101":0,"102":0,"103":0,"104":0,"105":0,"106":1,"107":1,"108":1,"109":1,"110":1,"111":1,"112":1,"113":1,"114":0,"115":0,"116":0,"117":0,"118":0,"119":0,"120":0,"121":0,"122":0,"123":1,"124":1,"125":1,"126":1,"127":1,"128":1,"129":12,"130":0,"131":1,"132":0,"133":1,"134":1,"135":1,"136":1,"137":0,"138":0,"139":0,"140":0,"141":0,"142":0,"143":0,"144":0,"145":1,"146":1,"147":1,"148":1,"149":1,"150":1,"151":0,"152":0,"153":0,"154":0,"155":0,"156":0,"157":0,"158":0,"159":0,"160":0,"161":0,"162":0,"163":0,"164":0,"165":0,"166":0,"167":0,"168":0,"169":0,"170":0,"171":0,"172":0,"173":0,"174":0,"175":0,"176":0,"177":0,"178":0,"179":0,"180":0,"181":1,"182":5,"183":0,"184":0,"185":1,"186":1,"187":1,"188":1,"189":1,"190":1,"191":1,"192":1,"193":1,"194":0,"195":0,"196":0,"197":0,"198":1,"199":0,"200":0,"201":0,"202":0,"203":0,"204":0,"205":0,"206":0,"207":0,"208":0,"209":0,"210":0,"211":0,"212":0,"213":0,"214":0,"215":0,"216":0,"217":0,"218":0,"219":0,"220":0,"221":0,"222":0,"223":0,"224":0,"225":0,"226":0,"227":0,"228":0,"229":0,"230":0,"231":0,"232":0,"233":0,"234":0,"235":0,"236":0,"237":0,"238":0,"239":0,"240":0,"241":0,"242":0,"243":0,"244":0,"245":0,"246":0,"247":0,"248":0,"249":0,"250":0,"251":0,"252":0,"253":0,"254":0,"255":0,"256":0,"257":0,"258":0,"259":0,"260":0,"261":0,"262":0,"263":0,"264":0,"265":0,"266":0,"267":0,"268":0,"269":0,"270":0,"271":0,"272":0,"273":0,"274":0,"275":0,"276":0,"277":0,"278":0,"279":0,"280":0,"281":0,"282":0,"283":0,"284":0,"285":0,"286":0,"287":0,"288":0,"289":0,"290":0,"291":0,"292":0,"293":0,"294":0,"295":0,"296":0,"297":0,"298":0,"299":0,"300":0,"301":0,"302":0,"303":0,"304":0,"305":0,"306":0,"307":0,"308":0,"309":0,"310":0,"311":0,"312":0,"313":0,"314":0,"315":0,"316":0,"317":0,"318":0,"319":0,"320":0,"321":0,"322":0,"323":0,"324":0,"325":0,"326":0,"327":0,"328":0,"329":0,"330":1,"331":1},"b":{"1":[1,0],"2":[1,1],"3":[0,0],"4":[0,0],"5":[0,0],"6":[10,7],"7":[0,0],"8":[0,0],"9":[0,0],"10":[0,0],"11":[0,0],"12":[0,0],"13":[0,0],"14":[0,0],"15":[0,0],"16":[0,0],"17":[0,0],"18":[0,0],"19":[0,0],"20":[0,0],"21":[0,0],"22":[0,0],"23":[0,0],"24":[0,0,0],"25":[0,0],"26":[0,0,0],"27":[0,0],"28":[0,0],"29":[0,0],"30":[1,0],"31":[1,1],"32":[0,0],"33":[0,0],"34":[0,0],"35":[1,0],"36":[0,12],"37":[0,1],"38":[0,0],"39":[0,0],"40":[0,0],"41":[0,0],"42":[0,0,0],"43":[0,0],"44":[0,0,0],"45":[0,0],"46":[0,0],"47":[0,0],"48":[0,0],"49":[0,0],"50":[0,0],"51":[0,0],"52":[0,0],"53":[0,0],"54":[0,0],"55":[0,0],"56":[0,0],"57":[0,0],"58":[0,0],"59":[0,0],"60":[0,0],"61":[0,0],"62":[0,0],"63":[0,0],"64":[0,0],"65":[0,0],"66":[0,0],"67":[0,0,0],"68":[0,0],"69":[0,0],"70":[0,0],"71":[0,0],"72":[0,0,0],"73":[0,0],"74":[0,0],"75":[0,0],"76":[0,0],"77":[0,0],"78":[0,0],"79":[0,0],"80":[0,0],"81":[0,0],"82":[0,0],"83":[0,0],"84":[0,0],"85":[0,0],"86":[0,0],"87":[0,0],"88":[0,0]},"f":{"1":1,"2":1,"3":1,"4":17,"5":1,"6":1,"7":1,"8":2,"9":0,"10":0,"11":0,"12":0,"13":0,"14":0,"15":1,"16":1,"17":0,"18":0,"19":0,"20":0,"21":0,"22":0,"23":0,"24":0,"25":1,"26":1,"27":0,"28":12,"29":0,"30":1,"31":1,"32":0,"33":0,"34":0,"35":0,"36":0,"37":0,"38":0,"39":5,"40":0,"41":1,"42":0,"43":0,"44":0,"45":0,"46":0,"47":0,"48":0,"49":0,"50":0,"51":0,"52":0,"53":0,"54":0,"55":0,"56":0,"57":0,"58":0,"59":0,"60":0},"fnMap":{"1":{"name":"webpackUniversalModuleDefinition","line":8,"loc":{"start":{"line":8,"column":1},"end":{"line":8,"column":58}}},"2":{"name":"(anonymous_2)","line":17,"loc":{"start":{"line":17,"column":9},"end":{"line":17,"column":49}}},"3":{"name":"(anonymous_3)","line":18,"loc":{"start":{"line":18,"column":17},"end":{"line":18,"column":35}}},"4":{"name":"__webpack_require__","line":23,"loc":{"start":{"line":23,"column":10},"end":{"line":23,"column":49}}},"5":{"name":"(anonymous_5)","line":62,"loc":{"start":{"line":62,"column":6},"end":{"line":62,"column":53}}},"6":{"name":"(anonymous_6)","line":79,"loc":{"start":{"line":79,"column":6},"end":{"line":79,"column":32}}},"7":{"name":"(anonymous_7)","line":85,"loc":{"start":{"line":85,"column":6},"end":{"line":85,"column":53}}},"8":{"name":"getInstance","line":90,"loc":{"start":{"line":90,"column":1},"end":{"line":90,"column":24}}},"9":{"name":"(anonymous_9)","line":92,"loc":{"start":{"line":92,"column":9},"end":{"line":92,"column":31}}},"10":{"name":"(anonymous_10)","line":95,"loc":{"start":{"line":95,"column":41},"end":{"line":95,"column":62}}},"11":{"name":"(anonymous_11)","line":111,"loc":{"start":{"line":111,"column":47},"end":{"line":111,"column":68}}},"12":{"name":"(anonymous_12)","line":128,"loc":{"start":{"line":128,"column":7},"end":{"line":128,"column":39}}},"13":{"name":"(anonymous_13)","line":138,"loc":{"start":{"line":138,"column":10},"end":{"line":138,"column":21}}},"14":{"name":"(anonymous_14)","line":144,"loc":{"start":{"line":144,"column":8},"end":{"line":144,"column":40}}},"15":{"name":"(anonymous_15)","line":167,"loc":{"start":{"line":167,"column":6},"end":{"line":167,"column":53}}},"16":{"name":"(anonymous_16)","line":173,"loc":{"start":{"line":173,"column":26},"end":{"line":173,"column":37}}},"17":{"name":"(anonymous_17)","line":175,"loc":{"start":{"line":175,"column":9},"end":{"line":175,"column":20}}},"18":{"name":"getDefaultBehavioralOptions","line":180,"loc":{"start":{"line":180,"column":1},"end":{"line":180,"column":40}}},"19":{"name":"getDefaultClientMeta","line":194,"loc":{"start":{"line":194,"column":1},"end":{"line":194,"column":33}}},"20":{"name":"getLeaklessArgs","line":207,"loc":{"start":{"line":207,"column":1},"end":{"line":207,"column":44}}},"21":{"name":"getChildFsmInstance","line":222,"loc":{"start":{"line":222,"column":1},"end":{"line":222,"column":40}}},"22":{"name":"(anonymous_22)","line":234,"loc":{"start":{"line":234,"column":33},"end":{"line":234,"column":44}}},"23":{"name":"listenToChild","line":245,"loc":{"start":{"line":245,"column":1},"end":{"line":245,"column":38}}},"24":{"name":"(anonymous_24)","line":248,"loc":{"start":{"line":248,"column":24},"end":{"line":248,"column":52}}},"25":{"name":"(anonymous_25)","line":278,"loc":{"start":{"line":278,"column":14},"end":{"line":278,"column":50}}},"26":{"name":"(anonymous_26)","line":282,"loc":{"start":{"line":282,"column":13},"end":{"line":282,"column":24}}},"27":{"name":"(anonymous_27)","line":295,"loc":{"start":{"line":295,"column":9},"end":{"line":295,"column":20}}},"28":{"name":"(anonymous_28)","line":319,"loc":{"start":{"line":319,"column":46},"end":{"line":319,"column":74}}},"29":{"name":"createUUID","line":339,"loc":{"start":{"line":339,"column":1},"end":{"line":339,"column":23}}},"30":{"name":"(anonymous_30)","line":368,"loc":{"start":{"line":368,"column":6},"end":{"line":368,"column":32}}},"31":{"name":"(anonymous_31)","line":385,"loc":{"start":{"line":385,"column":6},"end":{"line":385,"column":53}}},"32":{"name":"(anonymous_32)","line":392,"loc":{"start":{"line":392,"column":15},"end":{"line":392,"column":26}}},"33":{"name":"initClient","line":396,"loc":{"start":{"line":396,"column":14},"end":{"line":396,"column":36}}},"34":{"name":"ensureClientMeta","line":406,"loc":{"start":{"line":406,"column":20},"end":{"line":406,"column":48}}},"35":{"name":"(anonymous_35)","line":415,"loc":{"start":{"line":415,"column":19},"end":{"line":415,"column":36}}},"36":{"name":"(anonymous_36)","line":427,"loc":{"start":{"line":427,"column":18},"end":{"line":427,"column":47}}},"37":{"name":"(anonymous_37)","line":441,"loc":{"start":{"line":441,"column":24},"end":{"line":441,"column":49}}},"38":{"name":"(anonymous_38)","line":446,"loc":{"start":{"line":446,"column":21},"end":{"line":446,"column":32}}},"39":{"name":"(anonymous_39)","line":463,"loc":{"start":{"line":463,"column":4},"end":{"line":463,"column":41}}},"40":{"name":"(anonymous_40)","line":464,"loc":{"start":{"line":464,"column":36},"end":{"line":464,"column":47}}},"41":{"name":"(anonymous_41)","line":477,"loc":{"start":{"line":477,"column":6},"end":{"line":477,"column":53}}},"42":{"name":"BehavioralFsm","line":487,"loc":{"start":{"line":487,"column":1},"end":{"line":487,"column":35}}},"43":{"name":"(anonymous_43)","line":495,"loc":{"start":{"line":495,"column":14},"end":{"line":495,"column":25}}},"44":{"name":"initClient","line":497,"loc":{"start":{"line":497,"column":14},"end":{"line":497,"column":44}}},"45":{"name":"configForState","line":508,"loc":{"start":{"line":508,"column":18},"end":{"line":508,"column":54}}},"46":{"name":"(anonymous_46)","line":511,"loc":{"start":{"line":511,"column":27},"end":{"line":511,"column":58}}},"47":{"name":"ensureClientMeta","line":526,"loc":{"start":{"line":526,"column":20},"end":{"line":526,"column":56}}},"48":{"name":"(anonymous_48)","line":538,"loc":{"start":{"line":538,"column":21},"end":{"line":538,"column":46}}},"49":{"name":"(anonymous_49)","line":546,"loc":{"start":{"line":546,"column":18},"end":{"line":546,"column":47}}},"50":{"name":"(anonymous_50)","line":560,"loc":{"start":{"line":560,"column":24},"end":{"line":560,"column":49}}},"51":{"name":"(anonymous_51)","line":564,"loc":{"start":{"line":564,"column":10},"end":{"line":564,"column":36}}},"52":{"name":"(anonymous_52)","line":628,"loc":{"start":{"line":628,"column":14},"end":{"line":628,"column":43}}},"53":{"name":"(anonymous_53)","line":672,"loc":{"start":{"line":672,"column":24},"end":{"line":672,"column":54}}},"54":{"name":"(anonymous_54)","line":689,"loc":{"start":{"line":689,"column":22},"end":{"line":689,"column":52}}},"55":{"name":"(anonymous_55)","line":694,"loc":{"start":{"line":694,"column":16},"end":{"line":694,"column":35}}},"56":{"name":"(anonymous_56)","line":696,"loc":{"start":{"line":696,"column":18},"end":{"line":696,"column":35}}},"57":{"name":"(anonymous_57)","line":701,"loc":{"start":{"line":701,"column":22},"end":{"line":701,"column":39}}},"58":{"name":"(anonymous_58)","line":706,"loc":{"start":{"line":706,"column":14},"end":{"line":706,"column":39}}},"59":{"name":"(anonymous_59)","line":711,"loc":{"start":{"line":711,"column":17},"end":{"line":711,"column":34}}},"60":{"name":"(anonymous_60)","line":718,"loc":{"start":{"line":718,"column":18},"end":{"line":718,"column":37}}}},"statementMap":{"1":{"start":{"line":8,"column":0},"end":{"line":736,"column":3}},"2":{"start":{"line":9,"column":1},"end":{"line":16,"column":39}},"3":{"start":{"line":10,"column":2},"end":{"line":10,"column":46}},"4":{"start":{"line":11,"column":6},"end":{"line":16,"column":39}},"5":{"start":{"line":12,"column":2},"end":{"line":12,"column":30}},"6":{"start":{"line":13,"column":6},"end":{"line":16,"column":39}},"7":{"start":{"line":14,"column":2},"end":{"line":14,"column":50}},"8":{"start":{"line":16,"column":2},"end":{"line":16,"column":39}},"9":{"start":{"line":18,"column":0},"end":{"line":735,"column":11}},"10":{"start":{"line":20,"column":10},"end":{"line":20,"column":36}},"11":{"start":{"line":23,"column":10},"end":{"line":44,"column":11}},"12":{"start":{"line":26,"column":11},"end":{"line":27,"column":54}},"13":{"start":{"line":27,"column":12},"end":{"line":27,"column":54}},"14":{"start":{"line":30,"column":11},"end":{"line":34,"column":13}},"15":{"start":{"line":37,"column":11},"end":{"line":37,"column":95}},"16":{"start":{"line":40,"column":11},"end":{"line":40,"column":32}},"17":{"start":{"line":43,"column":11},"end":{"line":43,"column":33}},"18":{"start":{"line":48,"column":10},"end":{"line":48,"column":42}},"19":{"start":{"line":51,"column":10},"end":{"line":51,"column":51}},"20":{"start":{"line":54,"column":10},"end":{"line":54,"column":37}},"21":{"start":{"line":57,"column":10},"end":{"line":57,"column":40}},"22":{"start":{"line":64,"column":1},"end":{"line":64,"column":34}},"23":{"start":{"line":65,"column":1},"end":{"line":65,"column":40}},"24":{"start":{"line":67,"column":1},"end":{"line":74,"column":5}},"25":{"start":{"line":81,"column":1},"end":{"line":81,"column":48}},"26":{"start":{"line":87,"column":1},"end":{"line":87,"column":38}},"27":{"start":{"line":88,"column":1},"end":{"line":88,"column":34}},"28":{"start":{"line":90,"column":1},"end":{"line":157,"column":2}},"29":{"start":{"line":91,"column":2},"end":{"line":156,"column":4}},"30":{"start":{"line":93,"column":4},"end":{"line":93,"column":50}},"31":{"start":{"line":94,"column":4},"end":{"line":109,"column":5}},"32":{"start":{"line":95,"column":5},"end":{"line":108,"column":15}},"33":{"start":{"line":96,"column":6},"end":{"line":107,"column":7}},"34":{"start":{"line":97,"column":7},"end":{"line":97,"column":36}},"35":{"start":{"line":99,"column":7},"end":{"line":106,"column":8}},"36":{"start":{"line":100,"column":8},"end":{"line":100,"column":37}},"37":{"start":{"line":103,"column":8},"end":{"line":105,"column":9}},"38":{"start":{"line":104,"column":9},"end":{"line":104,"column":40}},"39":{"start":{"line":110,"column":4},"end":{"line":125,"column":5}},"40":{"start":{"line":111,"column":5},"end":{"line":124,"column":15}},"41":{"start":{"line":112,"column":6},"end":{"line":123,"column":7}},"42":{"start":{"line":113,"column":7},"end":{"line":113,"column":47}},"43":{"start":{"line":115,"column":7},"end":{"line":122,"column":8}},"44":{"start":{"line":116,"column":8},"end":{"line":116,"column":48}},"45":{"start":{"line":119,"column":8},"end":{"line":121,"column":9}},"46":{"start":{"line":120,"column":9},"end":{"line":120,"column":40}},"47":{"start":{"line":129,"column":4},"end":{"line":129,"column":20}},"48":{"start":{"line":130,"column":4},"end":{"line":130,"column":61}},"49":{"start":{"line":131,"column":4},"end":{"line":133,"column":5}},"50":{"start":{"line":132,"column":5},"end":{"line":132,"column":43}},"51":{"start":{"line":134,"column":4},"end":{"line":134,"column":54}},"52":{"start":{"line":135,"column":4},"end":{"line":141,"column":6}},"53":{"start":{"line":139,"column":6},"end":{"line":139,"column":38}},"54":{"start":{"line":145,"column":4},"end":{"line":145,"column":61}},"55":{"start":{"line":146,"column":4},"end":{"line":154,"column":5}},"56":{"start":{"line":147,"column":5},"end":{"line":147,"column":30}},"57":{"start":{"line":149,"column":5},"end":{"line":153,"column":6}},"58":{"start":{"line":150,"column":6},"end":{"line":150,"column":97}},"59":{"start":{"line":152,"column":6},"end":{"line":152,"column":44}},"60":{"start":{"line":159,"column":1},"end":{"line":162,"column":3}},"61":{"start":{"line":169,"column":1},"end":{"line":169,"column":22}},"62":{"start":{"line":170,"column":1},"end":{"line":170,"column":39}},"63":{"start":{"line":171,"column":1},"end":{"line":171,"column":34}},"64":{"start":{"line":173,"column":1},"end":{"line":178,"column":7}},"65":{"start":{"line":174,"column":2},"end":{"line":174,"column":23}},"66":{"start":{"line":175,"column":2},"end":{"line":177,"column":4}},"67":{"start":{"line":176,"column":3},"end":{"line":176,"column":34}},"68":{"start":{"line":180,"column":1},"end":{"line":192,"column":2}},"69":{"start":{"line":181,"column":2},"end":{"line":191,"column":4}},"70":{"start":{"line":194,"column":1},"end":{"line":205,"column":2}},"71":{"start":{"line":195,"column":2},"end":{"line":204,"column":4}},"72":{"start":{"line":207,"column":1},"end":{"line":213,"column":2}},"73":{"start":{"line":208,"column":2},"end":{"line":208,"column":18}},"74":{"start":{"line":209,"column":2},"end":{"line":211,"column":3}},"75":{"start":{"line":210,"column":3},"end":{"line":210,"column":27}},"76":{"start":{"line":212,"column":2},"end":{"line":212,"column":16}},"77":{"start":{"line":222,"column":1},"end":{"line":243,"column":2}},"78":{"start":{"line":223,"column":2},"end":{"line":225,"column":3}},"79":{"start":{"line":224,"column":3},"end":{"line":224,"column":10}},"80":{"start":{"line":226,"column":2},"end":{"line":226,"column":30}},"81":{"start":{"line":227,"column":2},"end":{"line":240,"column":3}},"82":{"start":{"line":229,"column":3},"end":{"line":237,"column":4}},"83":{"start":{"line":230,"column":4},"end":{"line":230,"column":32}},"84":{"start":{"line":231,"column":4},"end":{"line":231,"column":63}},"85":{"start":{"line":234,"column":4},"end":{"line":236,"column":6}},"86":{"start":{"line":235,"column":5},"end":{"line":235,"column":19}},"87":{"start":{"line":238,"column":9},"end":{"line":240,"column":3}},"88":{"start":{"line":239,"column":3},"end":{"line":239,"column":39}},"89":{"start":{"line":241,"column":2},"end":{"line":241,"column":61}},"90":{"start":{"line":242,"column":2},"end":{"line":242,"column":28}},"91":{"start":{"line":245,"column":1},"end":{"line":272,"column":2}},"92":{"start":{"line":248,"column":2},"end":{"line":271,"column":6}},"93":{"start":{"line":249,"column":3},"end":{"line":270,"column":4}},"94":{"start":{"line":251,"column":5},"end":{"line":254,"column":6}},"95":{"start":{"line":253,"column":6},"end":{"line":253,"column":37}},"96":{"start":{"line":256,"column":5},"end":{"line":258,"column":6}},"97":{"start":{"line":257,"column":6},"end":{"line":257,"column":41}},"98":{"start":{"line":259,"column":5},"end":{"line":259,"column":11}},"99":{"start":{"line":261,"column":5},"end":{"line":261,"column":30}},"100":{"start":{"line":262,"column":5},"end":{"line":264,"column":6}},"101":{"start":{"line":263,"column":6},"end":{"line":263,"column":46}},"102":{"start":{"line":265,"column":5},"end":{"line":265,"column":33}},"103":{"start":{"line":266,"column":5},"end":{"line":266,"column":11}},"104":{"start":{"line":268,"column":5},"end":{"line":268,"column":33}},"105":{"start":{"line":269,"column":5},"end":{"line":269,"column":11}},"106":{"start":{"line":277,"column":1},"end":{"line":277,"column":46}},"107":{"start":{"line":278,"column":1},"end":{"line":337,"column":3}},"108":{"start":{"line":279,"column":2},"end":{"line":279,"column":20}},"109":{"start":{"line":280,"column":2},"end":{"line":280,"column":10}},"110":{"start":{"line":281,"column":2},"end":{"line":281,"column":19}},"111":{"start":{"line":282,"column":2},"end":{"line":282,"column":27}},"112":{"start":{"line":287,"column":2},"end":{"line":305,"column":3}},"113":{"start":{"line":288,"column":3},"end":{"line":288,"column":32}},"114":{"start":{"line":295,"column":3},"end":{"line":304,"column":5}},"115":{"start":{"line":296,"column":4},"end":{"line":296,"column":42}},"116":{"start":{"line":297,"column":4},"end":{"line":297,"column":32}},"117":{"start":{"line":298,"column":4},"end":{"line":298,"column":21}},"118":{"start":{"line":299,"column":4},"end":{"line":299,"column":48}},"119":{"start":{"line":300,"column":4},"end":{"line":300,"column":81}},"120":{"start":{"line":301,"column":4},"end":{"line":301,"column":76}},"121":{"start":{"line":302,"column":4},"end":{"line":302,"column":40}},"122":{"start":{"line":303,"column":4},"end":{"line":303,"column":31}},"123":{"start":{"line":308,"column":2},"end":{"line":308,"column":25}},"124":{"start":{"line":312,"column":2},"end":{"line":312,"column":36}},"125":{"start":{"line":313,"column":2},"end":{"line":313,"column":29}},"126":{"start":{"line":317,"column":2},"end":{"line":324,"column":3}},"127":{"start":{"line":318,"column":3},"end":{"line":318,"column":41}},"128":{"start":{"line":319,"column":3},"end":{"line":323,"column":9}},"129":{"start":{"line":320,"column":4},"end":{"line":322,"column":5}},"130":{"start":{"line":321,"column":5},"end":{"line":321,"column":24}},"131":{"start":{"line":327,"column":2},"end":{"line":329,"column":3}},"132":{"start":{"line":328,"column":3},"end":{"line":328,"column":31}},"133":{"start":{"line":332,"column":2},"end":{"line":332,"column":34}},"134":{"start":{"line":335,"column":2},"end":{"line":335,"column":35}},"135":{"start":{"line":336,"column":2},"end":{"line":336,"column":13}},"136":{"start":{"line":339,"column":1},"end":{"line":351,"column":2}},"137":{"start":{"line":340,"column":2},"end":{"line":340,"column":13}},"138":{"start":{"line":341,"column":2},"end":{"line":341,"column":37}},"139":{"start":{"line":342,"column":2},"end":{"line":344,"column":3}},"140":{"start":{"line":343,"column":3},"end":{"line":343,"column":70}},"141":{"start":{"line":345,"column":2},"end":{"line":345,"column":16}},"142":{"start":{"line":347,"column":2},"end":{"line":347,"column":59}},"143":{"start":{"line":349,"column":2},"end":{"line":349,"column":45}},"144":{"start":{"line":350,"column":2},"end":{"line":350,"column":22}},"145":{"start":{"line":353,"column":1},"end":{"line":363,"column":3}},"146":{"start":{"line":370,"column":1},"end":{"line":380,"column":3}},"147":{"start":{"line":387,"column":1},"end":{"line":387,"column":46}},"148":{"start":{"line":388,"column":1},"end":{"line":388,"column":38}},"149":{"start":{"line":389,"column":1},"end":{"line":389,"column":34}},"150":{"start":{"line":391,"column":1},"end":{"line":455,"column":3}},"151":{"start":{"line":393,"column":3},"end":{"line":393,"column":42}},"152":{"start":{"line":394,"column":3},"end":{"line":394,"column":27}},"153":{"start":{"line":397,"column":3},"end":{"line":397,"column":40}},"154":{"start":{"line":398,"column":3},"end":{"line":400,"column":4}},"155":{"start":{"line":399,"column":4},"end":{"line":399,"column":72}},"156":{"start":{"line":401,"column":3},"end":{"line":403,"column":4}},"157":{"start":{"line":402,"column":4},"end":{"line":402,"column":90}},"158":{"start":{"line":404,"column":3},"end":{"line":404,"column":35}},"159":{"start":{"line":407,"column":3},"end":{"line":411,"column":4}},"160":{"start":{"line":408,"column":4},"end":{"line":408,"column":25}},"161":{"start":{"line":409,"column":4},"end":{"line":409,"column":68}},"162":{"start":{"line":410,"column":4},"end":{"line":410,"column":22}},"163":{"start":{"line":412,"column":3},"end":{"line":412,"column":15}},"164":{"start":{"line":416,"column":3},"end":{"line":416,"column":20}},"165":{"start":{"line":419,"column":3},"end":{"line":423,"column":4}},"166":{"start":{"line":420,"column":4},"end":{"line":420,"column":31}},"167":{"start":{"line":421,"column":10},"end":{"line":423,"column":4}},"168":{"start":{"line":422,"column":4},"end":{"line":422,"column":26}},"169":{"start":{"line":424,"column":3},"end":{"line":424,"column":16}},"170":{"start":{"line":431,"column":3},"end":{"line":431,"column":20}},"171":{"start":{"line":432,"column":3},"end":{"line":432,"column":26}},"172":{"start":{"line":433,"column":3},"end":{"line":435,"column":4}},"173":{"start":{"line":434,"column":4},"end":{"line":434,"column":42}},"174":{"start":{"line":436,"column":3},"end":{"line":438,"column":21}},"175":{"start":{"line":442,"column":3},"end":{"line":442,"column":15}},"176":{"start":{"line":447,"column":3},"end":{"line":447,"column":73}},"177":{"start":{"line":448,"column":3},"end":{"line":448,"column":24}},"178":{"start":{"line":449,"column":3},"end":{"line":453,"column":4}},"179":{"start":{"line":450,"column":4},"end":{"line":450,"column":59}},"180":{"start":{"line":452,"column":4},"end":{"line":452,"column":61}},"181":{"start":{"line":457,"column":1},"end":{"line":468,"column":5}},"182":{"start":{"line":464,"column":2},"end":{"line":467,"column":4}},"183":{"start":{"line":465,"column":3},"end":{"line":465,"column":73}},"184":{"start":{"line":466,"column":3},"end":{"line":466,"column":82}},"185":{"start":{"line":470,"column":1},"end":{"line":470,"column":35}},"186":{"start":{"line":472,"column":1},"end":{"line":472,"column":22}},"187":{"start":{"line":479,"column":1},"end":{"line":479,"column":34}},"188":{"start":{"line":480,"column":1},"end":{"line":480,"column":38}},"189":{"start":{"line":481,"column":1},"end":{"line":481,"column":40}},"190":{"start":{"line":482,"column":1},"end":{"line":482,"column":40}},"191":{"start":{"line":483,"column":1},"end":{"line":483,"column":39}},"192":{"start":{"line":485,"column":1},"end":{"line":485,"column":34}},"193":{"start":{"line":487,"column":1},"end":{"line":492,"column":2}},"194":{"start":{"line":488,"column":2},"end":{"line":488,"column":28}},"195":{"start":{"line":489,"column":2},"end":{"line":489,"column":58}},"196":{"start":{"line":490,"column":2},"end":{"line":490,"column":43}},"197":{"start":{"line":491,"column":2},"end":{"line":491,"column":47}},"198":{"start":{"line":494,"column":1},"end":{"line":727,"column":28}},"199":{"start":{"line":498,"column":3},"end":{"line":498,"column":40}},"200":{"start":{"line":499,"column":3},"end":{"line":501,"column":4}},"201":{"start":{"line":500,"column":4},"end":{"line":500,"column":72}},"202":{"start":{"line":502,"column":3},"end":{"line":504,"column":4}},"203":{"start":{"line":503,"column":4},"end":{"line":503,"column":90}},"204":{"start":{"line":505,"column":3},"end":{"line":505,"column":43}},"205":{"start":{"line":509,"column":3},"end":{"line":509,"column":45}},"206":{"start":{"line":510,"column":3},"end":{"line":510,"column":13}},"207":{"start":{"line":511,"column":3},"end":{"line":515,"column":7}},"208":{"start":{"line":512,"column":4},"end":{"line":514,"column":5}},"209":{"start":{"line":513,"column":5},"end":{"line":513,"column":25}},"210":{"start":{"line":517,"column":3},"end":{"line":521,"column":4}},"211":{"start":{"line":518,"column":4},"end":{"line":518,"column":73}},"212":{"start":{"line":519,"column":4},"end":{"line":519,"column":62}},"213":{"start":{"line":520,"column":4},"end":{"line":520,"column":75}},"214":{"start":{"line":523,"column":3},"end":{"line":523,"column":16}},"215":{"start":{"line":527,"column":3},"end":{"line":529,"column":4}},"216":{"start":{"line":528,"column":4},"end":{"line":528,"column":58}},"217":{"start":{"line":530,"column":3},"end":{"line":530,"column":57}},"218":{"start":{"line":531,"column":3},"end":{"line":534,"column":4}},"219":{"start":{"line":532,"column":4},"end":{"line":532,"column":91}},"220":{"start":{"line":533,"column":4},"end":{"line":533,"column":30}},"221":{"start":{"line":535,"column":3},"end":{"line":535,"column":51}},"222":{"start":{"line":539,"column":3},"end":{"line":543,"column":4}},"223":{"start":{"line":540,"column":4},"end":{"line":540,"column":75}},"224":{"start":{"line":542,"column":4},"end":{"line":542,"column":77}},"225":{"start":{"line":550,"column":3},"end":{"line":550,"column":31}},"226":{"start":{"line":551,"column":3},"end":{"line":551,"column":26}},"227":{"start":{"line":552,"column":3},"end":{"line":554,"column":4}},"228":{"start":{"line":553,"column":4},"end":{"line":553,"column":42}},"229":{"start":{"line":555,"column":3},"end":{"line":557,"column":46}},"230":{"start":{"line":561,"column":3},"end":{"line":561,"column":36}},"231":{"start":{"line":565,"column":3},"end":{"line":565,"column":24}},"232":{"start":{"line":566,"column":3},"end":{"line":568,"column":4}},"233":{"start":{"line":567,"column":4},"end":{"line":567,"column":131}},"234":{"start":{"line":569,"column":3},"end":{"line":571,"column":4}},"235":{"start":{"line":570,"column":4},"end":{"line":570,"column":73}},"236":{"start":{"line":572,"column":3},"end":{"line":572,"column":52}},"237":{"start":{"line":573,"column":3},"end":{"line":573,"column":49}},"238":{"start":{"line":574,"column":3},"end":{"line":576,"column":4}},"239":{"start":{"line":575,"column":4},"end":{"line":575,"column":34}},"240":{"start":{"line":577,"column":3},"end":{"line":577,"column":50}},"241":{"start":{"line":578,"column":3},"end":{"line":578,"column":39}},"242":{"start":{"line":579,"column":3},"end":{"line":579,"column":46}},"243":{"start":{"line":580,"column":3},"end":{"line":580,"column":19}},"244":{"start":{"line":581,"column":3},"end":{"line":581,"column":15}},"245":{"start":{"line":582,"column":3},"end":{"line":582,"column":26}},"246":{"start":{"line":583,"column":3},"end":{"line":583,"column":13}},"247":{"start":{"line":584,"column":3},"end":{"line":584,"column":14}},"248":{"start":{"line":585,"column":3},"end":{"line":585,"column":14}},"249":{"start":{"line":586,"column":3},"end":{"line":624,"column":4}},"250":{"start":{"line":587,"column":4},"end":{"line":587,"column":48}},"251":{"start":{"line":588,"column":4},"end":{"line":623,"column":5}},"252":{"start":{"line":589,"column":5},"end":{"line":589,"column":65}},"253":{"start":{"line":590,"column":5},"end":{"line":590,"column":31}},"254":{"start":{"line":591,"column":5},"end":{"line":591,"column":83}},"255":{"start":{"line":594,"column":5},"end":{"line":594,"column":48}},"256":{"start":{"line":596,"column":5},"end":{"line":598,"column":6}},"257":{"start":{"line":597,"column":6},"end":{"line":597,"column":56}},"258":{"start":{"line":599,"column":5},"end":{"line":599,"column":77}},"259":{"start":{"line":600,"column":5},"end":{"line":600,"column":42}},"260":{"start":{"line":601,"column":5},"end":{"line":601,"column":81}},"261":{"start":{"line":602,"column":5},"end":{"line":602,"column":51}},"262":{"start":{"line":603,"column":5},"end":{"line":603,"column":39}},"263":{"start":{"line":604,"column":5},"end":{"line":607,"column":7}},"264":{"start":{"line":608,"column":5},"end":{"line":619,"column":6}},"265":{"start":{"line":609,"column":6},"end":{"line":609,"column":79}},"266":{"start":{"line":611,"column":6},"end":{"line":611,"column":49}},"267":{"start":{"line":612,"column":6},"end":{"line":617,"column":7}},"268":{"start":{"line":613,"column":7},"end":{"line":613,"column":79}},"269":{"start":{"line":615,"column":7},"end":{"line":615,"column":24}},"270":{"start":{"line":616,"column":7},"end":{"line":616,"column":42}},"271":{"start":{"line":618,"column":6},"end":{"line":618,"column":48}},"272":{"start":{"line":620,"column":5},"end":{"line":620,"column":55}},"273":{"start":{"line":621,"column":5},"end":{"line":621,"column":35}},"274":{"start":{"line":622,"column":5},"end":{"line":622,"column":46}},"275":{"start":{"line":625,"column":3},"end":{"line":625,"column":17}},"276":{"start":{"line":629,"column":3},"end":{"line":629,"column":52}},"277":{"start":{"line":630,"column":3},"end":{"line":630,"column":35}},"278":{"start":{"line":631,"column":3},"end":{"line":631,"column":45}},"279":{"start":{"line":632,"column":3},"end":{"line":632,"column":45}},"280":{"start":{"line":633,"column":3},"end":{"line":633,"column":13}},"281":{"start":{"line":634,"column":3},"end":{"line":634,"column":60}},"282":{"start":{"line":635,"column":3},"end":{"line":669,"column":4}},"283":{"start":{"line":636,"column":4},"end":{"line":664,"column":5}},"284":{"start":{"line":637,"column":5},"end":{"line"
[...]
break;","\t\t}","\t} );","}","","// _machKeys are members we want to track across the prototype chain of an extended FSM constructor","// Since we want to eventually merge the aggregate of those values onto the instance so that FSMs","// that share the same extended prototype won't share state *on* those prototypes.","var _machKeys = [ \"states\", \"initialState\" ];","var extend = function( protoProps, staticProps ) {","\tvar parent = this;","\tvar fsm; // placeholder for instance constructor","\tvar machObj = {}; // object used to hold initialState & states from prototype for instance-level merging","\tvar Ctor = function() {}; // placeholder ctor function used to insert level in prototype chain","","\t// The constructor function for the new subclass is either defined by you","\t// (the \"constructor\" property in your `extend` definition), or defaulted","\t// by us to simply call the parent's constructor.","\tif ( protoProps && protoProps.hasOwnProperty( \"constructor\" ) ) {","\t\tfsm = protoProps.constructor;","\t} else {","\t\t// The default machina constructor (when using inheritance) creates a","\t\t// deep copy of the states/initialState values from the prototype and","\t\t// extends them over the instance so that they'll be instance-level.","\t\t// If an options arg (args[0]) is passed in, a states or intialState","\t\t// value will be preferred over any data pulled up from the prototype.","\t\tfsm = function() {","\t\t\tvar args = slice.call( arguments, 0 );","\t\t\targs[ 0 ] = args[ 0 ] || {};","\t\t\tvar blendedState;","\t\t\tvar instanceStates = args[ 0 ].states || {};","\t\t\tblendedState = _.merge( _.cloneDeep( machObj ), { states: instanceStates } );","\t\t\tblendedState.initialState = args[ 0 ].initialState || this.initialState;","\t\t\t_.extend( args[ 0 ], blendedState );","\t\t\tparent.apply( this, args );","\t\t};","\t}","","\t// Inherit class (static) properties from parent.","\t_.merge( fsm, parent );","","\t// Set the prototype chain to inherit from `parent`, without calling","\t// `parent`'s constructor function.","\tCtor.prototype = parent.prototype;","\tfsm.prototype = new Ctor();","","\t// Add prototype properties (instance properties) to the subclass,","\t// if supplied.","\tif ( protoProps ) {","\t\t_.extend( fsm.prototype, protoProps );","\t\t_.merge( machObj, _.transform( protoProps, function( accum, val, key ) {","\t\t\tif ( _machKeys.indexOf( key ) !== -1 ) {","\t\t\t\taccum[ key ] = val;","\t\t\t}","\t\t} ) );","\t}","","\t// Add static properties to the constructor function, if supplied.","\tif ( staticProps ) {","\t\t_.merge( fsm, staticProps );","\t}","","\t// Correctly set child's `prototype.constructor`.","\tfsm.prototype.constructor = fsm;","","\t// Set a convenience property in case the parent's prototype is needed later.","\tfsm.__super__ = parent.prototype;","\treturn fsm;","};","","function createUUID() {","\tvar s = [];","\tvar hexDigits = \"0123456789abcdef\";","\tfor ( var i = 0; i < 36; i++ ) {","\t\ts[ i ] = hexDigits.substr( Math.floor( Math.random() * 0x10 ), 1 );","\t}","\ts[ 14 ] = \"4\"; // bits 12-15 of the time_hi_and_version field to 0010","\t","\ts[ 19 ] = hexDigits.substr( ( s[ 19 ] & 0x3 ) | 0x8, 1 ); // bits 6-7 of the clock_seq_hi_and_reserved to 01","\t","\ts[ 8 ] = s[ 13 ] = s[ 18 ] = s[ 23 ] = \"-\";","\treturn s.join( \"\" );","}","","var utils = {","\tmakeFsmNamespace: ( function() {","\t\tvar machinaCount = 0;","\t\treturn function() {","\t\t\treturn \"fsm.\" + machinaCount++;","\t\t};","\t} )(),","\tlistenToChild: listenToChild,","\tgetLeaklessArgs: getLeaklessArgs,","\tgetDefaultOptions: getDefaultBehavioralOptions,","\tgetDefaultClientMeta: getDefaultClientMeta,","\tcreateUUID: createUUID","};","","\t","","var emitter = {","","\temit: function( eventName ) {","\t\tvar args = getLeaklessArgs( arguments );","\t\tif ( this.eventListeners[ \"*\" ] ) {","\t\t\t_.each( this.eventListeners[ \"*\" ], function( callback ) {","\t\t\t\tif ( !this.useSafeEmit ) {","\t\t\t\t\tcallback.apply( this, args );","\t\t\t\t} else {","\t\t\t\t\ttry {","\t\t\t\t\t\tcallback.apply( this, args );","\t\t\t\t\t} catch ( exception ) {","\t\t\t\t\t\t/* istanbul ignore else  */","\t\t\t\t\t\tif ( console && typeof console.log !== \"undefined\" ) {","\t\t\t\t\t\t\tconsole.log( exception.stack );","\t\t\t\t\t\t}","\t\t\t\t\t}","\t\t\t\t}","\t\t\t}, this );","\t\t}","\t\tif ( this.eventListeners[ eventName ] ) {","\t\t\t_.each( this.eventListeners[ eventName ], function( callback ) {","\t\t\t\tif ( !this.useSafeEmit ) {","\t\t\t\t\tcallback.apply( this, args.slice( 1 ) );","\t\t\t\t} else {","\t\t\t\t\ttry {","\t\t\t\t\t\tcallback.apply( this, args.slice( 1 ) );","\t\t\t\t\t} catch ( exception ) {","\t\t\t\t\t\t/* istanbul ignore else  */","\t\t\t\t\t\tif ( console && typeof console.log !== \"undefined\" ) {","\t\t\t\t\t\t\tconsole.log( exception.stack );","\t\t\t\t\t\t}","\t\t\t\t\t}","\t\t\t\t}","\t\t\t}, this );","\t\t}","\t},","","\ton: function( eventName, callback ) {","\t\tvar self = this;","\t\tself.eventListeners = self.eventListeners || { \"*\": [] };","\t\tif ( !self.eventListeners[ eventName ] ) {","\t\t\tself.eventListeners[ eventName ] = [];","\t\t}","\t\tself.eventListeners[ eventName ].push( callback );","\t\treturn {","\t\t\teventName: eventName,","\t\t\tcallback: callback,","\t\t\toff: function() {","\t\t\t\tself.off( eventName, callback );","\t\t\t}","\t\t};","\t},","","\toff: function( eventName, callback ) {","\t\tthis.eventListeners = this.eventListeners || { \"*\": [] };","\t\tif ( !eventName ) {","\t\t\tthis.eventListeners = {};","\t\t} else {","\t\t\tif ( callback ) {","\t\t\t\tthis.eventListeners[ eventName ] = _.without( this.eventListeners[ eventName ], callback );","\t\t\t} else {","\t\t\t\tthis.eventListeners[ eventName ] = [];","\t\t\t}","\t\t}","\t}","};","","\t","var MACHINA_PROP = \"__machina__\";","","function BehavioralFsm( options ) {","\t_.extend( this, options );","\t_.defaults( this, getDefaultBehavioralOptions() );","\tthis.initialize.apply( this, arguments );","\tmachina.emit( NEW_FSM, this );","}","","_.extend( BehavioralFsm.prototype, {","\tinitialize: function() {},","","\tinitClient: function initClient( client ) {","\t\tvar initialState = this.initialState;","\t\tif ( !initialState ) {","\t\t\tthrow new Error( \"You must specify an initial state for this FSM\" );","\t\t}","\t\tif ( !this.states[ initialState ] ) {","\t\t\tthrow new Error( \"The initial state specified does not exist in the states object.\" );","\t\t}","\t\tthis.transition( client, initialState );","\t},","","\tensureClientMeta: function ensureClientMeta( client ) {","\t\tif ( typeof client !== \"object\" ) {","\t\t\tthrow new Error( \"An FSM client must be an object.\" );","\t\t}","\t\tclient[ MACHINA_PROP ] = client[ MACHINA_PROP ] || {};","\t\tif ( !client[ MACHINA_PROP ][ this.namespace ] ) {","\t\t\tclient[ MACHINA_PROP ][ this.namespace ] = _.cloneDeep( utils.getDefaultClientMeta() );","\t\t\tthis.initClient( client );","\t\t}","\t\treturn client[ MACHINA_PROP ][ this.namespace ];","\t},","","\tbuildEventPayload: function( client, data ) {","\t\tif ( _.isPlainObject( data ) ) {","\t\t\treturn _.extend( data, { client: client, namespace: this.namespace } );","\t\t} else {","\t\t\treturn { client: client, data: data || null, namespace: this.namespace };","\t\t}","\t},","","\tgetHandlerArgs: function( args, isCatchAll ) {","\t\t// index 0 is the client, index 1 is inputType","\t\t// if we're in a catch-all handler, input type needs to be included in the args","\t\t// inputType might be an object, so we need to just get the inputType string if so","\t\tvar _args = args.slice( 0 );","\t\tvar input = _args[ 1 ];","\t\tif ( typeof input === \"object\" ) {","\t\t\t_args.splice( 1, 1, input.inputType );","\t\t}","\t\treturn isCatchAll ?","\t\t\t_args :","\t\t\t[ _args[ 0 ] ].concat( _args.slice( 2 ) );","\t},","","\thandle: function( client, input ) {","\t\tvar inputDef = input;","\t\tif ( typeof input === \"undefined\" ) {","\t\t\tthrow new Error( \"The input argument passed to the FSM's handle method is undefined. Did you forget to pass the input name?\" );","\t\t}","\t\tif ( typeof input === \"string\" ) {","\t\t\tinputDef = { inputType: input, delegated: false, ticket: undefined };","\t\t}","\t\tvar clientMeta = this.ensureClientMeta( client );","\t\tvar args = getLeaklessArgs( arguments );","\t\tif ( typeof input !== \"object\" ) {","\t\t\targs.splice( 1, 1, inputDef );","\t\t}","\t\tclientMeta.currentActionArgs = args.slice( 1 );","\t\tvar currentState = clientMeta.state;","\t\tvar stateObj = this.states[ currentState ];","\t\tvar handlerName;","\t\tvar handler;","\t\tvar isCatchAll = false;","\t\tvar child;","\t\tvar result;","\t\tvar action;","\t\tif ( !clientMeta.inExitHandler ) {","\t\t\tchild = stateObj._child && stateObj._child.instance;","\t\t\tif ( child && !this.pendingDelegations[ inputDef.ticket ] && !inputDef.bubbling ) {","\t\t\t\tinputDef.ticket = ( inputDef.ticket || utils.createUUID() );","\t\t\t\tinputDef.delegated = true;","\t\t\t\tthis.pendingDelegations[ inputDef.ticket ] = { delegatedTo: child.namespace };","\t\t\t\t// WARNING - returning a value from `handle` on child FSMs is not really supported.","\t\t\t\t// If you need to return values from child FSM input handlers, use events instead.","\t\t\t\tresult = child.handle.apply( child, args );","\t\t\t} else {","\t\t\t\tif ( inputDef.ticket && this.pendingDelegations[ inputDef.ticket ] ) {","\t\t\t\t\tdelete this.pendingDelegations[ inputDef.ticket ];","\t\t\t\t}","\t\t\t\thandlerName = stateObj[ inputDef.inputType ] ? inputDef.inputType : \"*\";","\t\t\t\tisCatchAll = ( handlerName === \"*\" );","\t\t\t\thandler = ( stateObj[ handlerName ] || this[ handlerName ] ) || this[ \"*\" ];","\t\t\t\taction = clientMeta.state + \".\" + handlerName;","\t\t\t\tclientMeta.currentAction = action;","\t\t\t\tvar eventPayload = this.buildEventPayload(","\t\t\t\t\tclient,","\t\t\t\t\t{ inputType: inputDef.inputType, delegated: inputDef.delegated, ticket: inputDef.ticket }","\t\t\t\t);","\t\t\t\tif ( !handler ) {","\t\t\t\t\tthis.emit( NO_HANDLER, _.extend( { args: args }, eventPayload ) );","\t\t\t\t} else {","\t\t\t\t\tthis.emit( HANDLING, eventPayload );","\t\t\t\t\tif ( typeof handler === \"function\" ) {","\t\t\t\t\t\tresult = handler.apply( this, this.getHandlerArgs( args, isCatchAll ) );","\t\t\t\t\t} else {","\t\t\t\t\t\tresult = handler;","\t\t\t\t\t\tthis.transition( client, handler );","\t\t\t\t\t}","\t\t\t\t\tthis.emit( HANDLED, eventPayload );","\t\t\t\t}","\t\t\t\tclientMeta.priorAction = clientMeta.currentAction;","\t\t\t\tclientMeta.currentAction = \"\";","\t\t\t}","\t\t}","\t\treturn result;","\t},","","\ttransition: function( client, newState ) {","\t\tvar clientMeta = this.ensureClientMeta( client );","\t\tvar curState = clientMeta.state;","\t\tvar curStateObj = this.states[ curState ];","\t\tvar newStateObj = this.states[ newState ];","\t\tvar child;","\t\tif ( !clientMeta.inExitHandler && newState !== curState ) {","\t\t\tif ( newStateObj ) {","\t\t\t\tif ( newStateObj._child ) {","\t\t\t\t\tnewStateObj._child = getChildFsmInstance( newStateObj._child );","\t\t\t\t\tchild = newStateObj._child && newStateObj._child.instance;","\t\t\t\t}","\t\t\t\tif ( curStateObj && curStateObj._onExit ) {","\t\t\t\t\tclientMeta.inExitHandler = true;","\t\t\t\t\tcurStateObj._onExit.call( this, client );","\t\t\t\t\tclientMeta.inExitHandler = false;","\t\t\t\t}","\t\t\t\tif ( curStateObj && curStateObj._child && curStateObj._child.instance && this.hierarchy[ curStateObj._child.instance.namespace ] ) {","\t\t\t\t\tthis.hierarchy[ curStateObj._child.instance.namespace ].off();","\t\t\t\t}","\t\t\t\tclientMeta.targetReplayState = newState;","\t\t\t\tclientMeta.priorState = curState;","\t\t\t\tclientMeta.state = newState;","\t\t\t\tif ( child ) {","\t\t\t\t\tthis.hierarchy[ child.namespace ] = utils.listenToChild( this, child );","\t\t\t\t}","\t\t\t\tvar eventPayload = this.buildEventPayload( client, {","\t\t\t\t\tfromState: clientMeta.priorState,","\t\t\t\t\taction: clientMeta.currentAction,","\t\t\t\t\ttoState: newState","\t\t\t\t} );","\t\t\t\tthis.emit( TRANSITION, eventPayload );","\t\t\t\tif ( newStateObj._onEnter ) {","\t\t\t\t\tnewStateObj._onEnter.call( this, client );","\t\t\t\t}","\t\t\t\tif ( child ) {","\t\t\t\t\tchild.handle( client, \"_reset\" );","\t\t\t\t}","","\t\t\t\tif ( clientMeta.targetReplayState === newState ) {","\t\t\t\t\tthis.processQueue( client, NEXT_TRANSITION );","\t\t\t\t}","\t\t\t\treturn;","\t\t\t}","\t\t\tthis.emit( INVALID_STATE, this.buildEventPayload( client, {","\t\t\t\tstate: clientMeta.state,","\t\t\t\tattemptedState: newState","\t\t\t} ) );","\t\t}","\t},","","\tdeferUntilTransition: function( client, stateName ) {","\t\tvar clientMeta = this.ensureClientMeta( client );","\t\tif ( clientMeta.currentActionArgs ) {","\t\t\tvar queued = {","\t\t\t\ttype: NEXT_TRANSITION,","\t\t\t\tuntilState: stateName,","\t\t\t\targs: clientMeta.currentActionArgs","\t\t\t};","\t\t\tclientMeta.inputQueue.push( queued );","\t\t\tvar eventPayload = this.buildEventPayload( client, {","\t\t\t\tstate: clientMeta.state,","\t\t\t\tqueuedArgs: queued","\t\t\t} );","\t\t\tthis.emit( DEFERRED, eventPayload );","\t\t}","\t},","","\tdeferAndTransition: function( client, stateName ) {","\t\tthis.deferUntilTransition( client, stateName );","\t\tthis.transition( client, stateName );","\t},","","\tprocessQueue: function( client ) {","\t\tvar clientMeta = this.ensureClientMeta( client );","\t\tvar filterFn = function( item ) {","\t\t\treturn ( ( !item.untilState ) || ( item.untilState === clientMeta.state ) );","\t\t};","\t\tvar toProcess = _.filter( clientMeta.inputQueue, filterFn );","\t\tclientMeta.inputQueue = _.difference( clientMeta.inputQueue, toProcess );","\t\t_.each( toProcess, function( item ) {","\t\t\tthis.handle.apply( this, [ client ].concat( item.args ) );","\t\t}, this );","\t},","","\tclearQueue: function( client, name ) {","\t\tvar clientMeta = this.ensureClientMeta( client );","\t\tif ( !name ) {","\t\t\tclientMeta.inputQueue = [];","\t\t} else {","\t\t\tvar filter = function( evnt ) {","\t\t\t\treturn ( name ? evnt.untilState !== name : true );","\t\t\t};","\t\t\tclientMeta.inputQueue = _.filter( clientMeta.inputQueue, filter );","\t\t}","\t},","","\tcompositeState: function( client ) {","\t\tvar clientMeta = this.ensureClientMeta( client );","\t\tvar state = clientMeta.state;","\t\tvar child = this.states[state]._child && this.states[state]._child.instance;","\t\tif ( child ) {","\t\t\tstate += \".\" + child.compositeState( client );","\t\t}","\t\treturn state;","\t}","}, emitter );","","BehavioralFsm.extend = extend;","","\t","","var Fsm = {","\tconstructor: function() {","\t\tBehavioralFsm.apply( this, arguments );","\t\tthis.ensureClientMeta();","\t},","\tinitClient: function initClient() {","\t\tvar initialState = this.initialState;","\t\tif ( !initialState ) {","\t\t\tthrow new Error( \"You must specify an initial state for this FSM\" );","\t\t}","\t\tif ( !this.states[ initialState ] ) {","\t\t\tthrow new Error( \"The initial state specified does not exist in the states object.\" );","\t\t}","\t\tthis.transition( initialState );","\t},","\tensureClientMeta: function ensureClientMeta() {","\t\tif ( !this._stamped ) {","\t\t\tthis._stamped = true;","\t\t\t_.defaults( this, _.cloneDeep( getDefaultClientMeta() ) );","\t\t\tthis.initClient();","\t\t}","\t\treturn this;","\t},","","\tensureClientArg: function( args ) {","\t\tvar _args = args;","\t\t// we need to test the args and verify that if a client arg has","\t\t// been passed, it must be this FSM instance (this isn't a behavioral FSM)","\t\tif ( typeof _args[ 0 ] === \"object\" && !( \"inputType\" in _args[ 0 ] ) && _args[ 0 ] !== this ) {","\t\t\t_args.splice( 0, 1, this );","\t\t} else if ( typeof _args[ 0 ] !== \"object\" || ( typeof _args[ 0 ] === \"object\" && ( \"inputType\" in _args[ 0 ] ) ) ) {","\t\t\t_args.unshift( this );","\t\t}","\t\treturn _args;","\t},","","\tgetHandlerArgs: function( args, isCatchAll ) {","\t\t// index 0 is the client, index 1 is inputType","\t\t// if we're in a catch-all handler, input type needs to be included in the args","\t\t// inputType might be an object, so we need to just get the inputType string if so","\t\tvar _args = args;","\t\tvar input = _args[ 1 ];","\t\tif ( typeof inputType === \"object\" ) {","\t\t\t_args.splice( 1, 1, input.inputType );","\t\t}","\t\treturn isCatchAll ?","\t\t\t_args.slice( 1 ) :","\t\t\t_args.slice( 2 );","\t},","\t// \"classic\" machina FSM do not emit the client property on events (which would be the FSM itself)","\tbuildEventPayload: function() {","\t\tvar args = this.ensureClientArg( utils.getLeaklessArgs( arguments ) );","\t\tvar data = args[ 1 ];","\t\tif ( _.isPlainObject( data ) ) {","\t\t\treturn _.extend( data, { namespace: this.namespace } );","\t\t} else {","\t\t\treturn { data: data || null, namespace: this.namespace };","\t\t}","\t}","};","","_.each( [","\t\"handle\",","\t\"transition\",","\t\"deferUntilTransition\",","\t\"processQueue\",","\t\"clearQueue\"","], function( methodWithClientInjected ) {","\tFsm[methodWithClientInjected] = function() {","\t\tvar args = this.ensureClientArg( utils.getLeaklessArgs( arguments ) );","\t\treturn BehavioralFsm.prototype[methodWithClientInjected].apply( this, args );","\t};","} );"," ","Fsm = BehavioralFsm.extend( Fsm );","","\t","","var machina = _.merge( emitter, {","\tFsm: Fsm,","\tBehavioralFsm: BehavioralFsm,","\tutils: utils,","\teventListeners: {","\t\tnewFsm: []","\t}","} );","","\treturn machina;","} ) );",""],"l":{"10":1,"12":1,"14":1,"15":1,"18":1,"20":1,"23":1,"28":1,"29":1,"30":1,"31":1,"32":1,"33":1,"34":1,"35":1,"36":1,"38":1,"39":0,"52":1,"53":0,"65":1,"66":0,"67":0,"68":0,"70":0,"79":1,"80":0,"81":0,"83":0,"84":0,"86":0,"87":0,"90":0,"91":0,"94":0,"95":0,"97":0,"98":0,"101":1,"102":0,"103":0,"105":0,"107":0,"110":0,"111":0,"113":0,"115":0,"116":0,"117":0,"119":0,"120":0,"122":0,"123":0,"131":1,"132":1,"133":1,"134":1,"135":1,"136":1,"141":1,"142":1,"149":0,"150":0,"151":0,"152":0,"153":0,"154":0,"155":0,"156":0,"157":0,"162":1,"166":1,"167":1,"171":1,"172":1,"173":1,"174":11,"175":0,"181":1,"182":0,"186":1,"189":1,"190":1,"193":1,"194":0,"195":0,"196":0,"197":0,"199":0,"201":0,"203":0,"204":0,"207":1,"209":1,"210":1,"211":0,"223":1,"226":0,"227":0,"228":0,"229":0,"230":0,"232":0,"233":0,"236":0,"237":0,"243":0,"244":0,"245":0,"246":0,"248":0,"249":0,"252":0,"253":0,"262":0,"263":0,"264":0,"265":0,"267":0,"268":0,"272":0,"278":0,"279":0,"280":0,"282":0,"283":0,"285":0,"292":1,"294":1,"295":0,"296":0,"297":0,"298":0,"301":1,"305":0,"306":0,"307":0,"309":0,"310":0,"312":0,"316":0,"317":0,"319":0,"320":0,"321":0,"322":0,"324":0,"328":0,"329":0,"331":0,"339":0,"340":0,"341":0,"342":0,"344":0,"350":0,"351":0,"352":0,"354":0,"355":0,"357":0,"358":0,"359":0,"360":0,"362":0,"363":0,"364":0,"365":0,"366":0,"367":0,"368":0,"369":0,"370":0,"371":0,"372":0,"373":0,"374":0,"375":0,"376":0,"379":0,"381":0,"382":0,"384":0,"385":0,"386":0,"387":0,"388":0,"389":0,"393":0,"394":0,"396":0,"397":0,"398":0,"400":0,"401":0,"403":0,"405":0,"406":0,"409":0,"413":0,"414":0,"415":0,"416":0,"417":0,"418":0,"419":0,"420":0,"421":0,"422":0,"424":0,"425":0,"426":0,"427":0,"429":0,"430":0,"432":0,"433":0,"434":0,"435":0,"436":0,"438":0,"443":0,"444":0,"445":0,"447":0,"448":0,"451":0,"452":0,"454":0,"456":0,"464":0,"465":0,"466":0,"471":0,"472":0,"476":0,"481":0,"482":0,"486":0,"487":0,"488":0,"490":0,"491":0,"492":0,"493":0,"498":0,"499":0,"500":0,"502":0,"503":0,"505":0,"510":0,"511":0,"512":0,"513":0,"514":0,"516":0,"520":1,"524":1,"526":0,"527":0,"530":0,"531":0,"532":0,"534":0,"535":0,"537":0,"540":0,"541":0,"542":0,"543":0,"545":0,"549":0,"552":0,"553":0,"554":0,"555":0,"557":0,"564":0,"565":0,"566":0,"567":0,"569":0,"575":0,"576":0,"577":0,"578":0,"580":0,"585":1,"592":5,"593":0,"594":0,"598":1,"602":1,"611":1}}}